{"/Users/chunghyup/projects/api-gen/api-designer/server/test/authApi.test.ts":{"path":"/Users/chunghyup/projects/api-gen/api-designer/server/test/authApi.test.ts","statementMap":{"0":{"start":{"line":2,"column":22},"end":{"line":8,"column":3}},"1":{"start":{"line":3,"column":4},"end":{"line":3,"column":33}},"2":{"start":{"line":3,"column":26},"end":{"line":3,"column":33}},"3":{"start":{"line":4,"column":4},"end":{"line":4,"column":89}},"4":{"start":{"line":4,"column":71},"end":{"line":4,"column":83}},"5":{"start":{"line":6,"column":4},"end":{"line":6,"column":33}},"6":{"start":{"line":6,"column":26},"end":{"line":6,"column":33}},"7":{"start":{"line":7,"column":4},"end":{"line":7,"column":17}},"8":{"start":{"line":9,"column":25},"end":{"line":13,"column":2}},"9":{"start":{"line":10,"column":4},"end":{"line":10,"column":72}},"10":{"start":{"line":12,"column":4},"end":{"line":12,"column":21}},"11":{"start":{"line":14,"column":19},"end":{"line":20,"column":1}},"12":{"start":{"line":15,"column":4},"end":{"line":15,"column":42}},"13":{"start":{"line":15,"column":31},"end":{"line":15,"column":42}},"14":{"start":{"line":16,"column":17},"end":{"line":16,"column":19}},"15":{"start":{"line":17,"column":4},"end":{"line":17,"column":131}},"16":{"start":{"line":17,"column":21},"end":{"line":17,"column":131}},"17":{"start":{"line":17,"column":40},"end":{"line":17,"column":131}},"18":{"start":{"line":17,"column":99},"end":{"line":17,"column":131}},"19":{"start":{"line":18,"column":4},"end":{"line":18,"column":36}},"20":{"start":{"line":19,"column":4},"end":{"line":19,"column":18}},"21":{"start":{"line":21,"column":16},"end":{"line":29,"column":1}},"22":{"start":{"line":22,"column":28},"end":{"line":22,"column":110}},"23":{"start":{"line":22,"column":91},"end":{"line":22,"column":106}},"24":{"start":{"line":23,"column":4},"end":{"line":28,"column":7}},"25":{"start":{"line":24,"column":36},"end":{"line":24,"column":97}},"26":{"start":{"line":24,"column":42},"end":{"line":24,"column":70}},"27":{"start":{"line":24,"column":85},"end":{"line":24,"column":95}},"28":{"start":{"line":25,"column":35},"end":{"line":25,"column":100}},"29":{"start":{"line":25,"column":41},"end":{"line":25,"column":73}},"30":{"start":{"line":25,"column":88},"end":{"line":25,"column":98}},"31":{"start":{"line":26,"column":32},"end":{"line":26,"column":116}},"32":{"start":{"line":27,"column":8},"end":{"line":27,"column":78}},"33":{"start":{"line":30,"column":22},"end":{"line":32,"column":1}},"34":{"start":{"line":31,"column":4},"end":{"line":31,"column":62}},"35":{"start":{"line":33,"column":0},"end":{"line":33,"column":62}},"36":{"start":{"line":34,"column":15},"end":{"line":34,"column":44}},"37":{"start":{"line":35,"column":20},"end":{"line":35,"column":57}},"38":{"start":{"line":36,"column":14},"end":{"line":36,"column":35}},"39":{"start":{"line":37,"column":21},"end":{"line":37,"column":54}},"40":{"start":{"line":38,"column":18},"end":{"line":38,"column":81}},"41":{"start":{"line":39,"column":0},"end":{"line":39,"column":30}},"42":{"start":{"line":40,"column":0},"end":{"line":40,"column":40}},"43":{"start":{"line":41,"column":0},"end":{"line":103,"column":3}},"44":{"start":{"line":44,"column":4},"end":{"line":48,"column":8}},"45":{"start":{"line":44,"column":17},"end":{"line":48,"column":6}},"46":{"start":{"line":45,"column":8},"end":{"line":45,"column":46}},"47":{"start":{"line":46,"column":8},"end":{"line":46,"column":45}},"48":{"start":{"line":47,"column":8},"end":{"line":47,"column":58}},"49":{"start":{"line":49,"column":4},"end":{"line":51,"column":8}},"50":{"start":{"line":49,"column":16},"end":{"line":51,"column":6}},"51":{"start":{"line":50,"column":8},"end":{"line":50,"column":35}},"52":{"start":{"line":52,"column":4},"end":{"line":69,"column":8}},"53":{"start":{"line":52,"column":44},"end":{"line":69,"column":6}},"54":{"start":{"line":56,"column":8},"end":{"line":68,"column":11}},"55":{"start":{"line":66,"column":12},"end":{"line":66,"column":51}},"56":{"start":{"line":67,"column":12},"end":{"line":67,"column":125}},"57":{"start":{"line":70,"column":4},"end":{"line":87,"column":8}},"58":{"start":{"line":70,"column":46},"end":{"line":87,"column":6}},"59":{"start":{"line":74,"column":8},"end":{"line":86,"column":11}},"60":{"start":{"line":84,"column":12},"end":{"line":84,"column":51}},"61":{"start":{"line":85,"column":12},"end":{"line":85,"column":127}},"62":{"start":{"line":88,"column":4},"end":{"line":102,"column":8}},"63":{"start":{"line":88,"column":41},"end":{"line":102,"column":6}},"64":{"start":{"line":89,"column":8},"end":{"line":101,"column":11}},"65":{"start":{"line":99,"column":12},"end":{"line":99,"column":51}},"66":{"start":{"line":100,"column":12},"end":{"line":100,"column":122}}},"fnMap":{"0":{"name":"(anonymous_0)","decl":{"start":{"line":2,"column":74},"end":{"line":2,"column":75}},"loc":{"start":{"line":2,"column":96},"end":{"line":5,"column":1}},"line":2},"1":{"name":"(anonymous_1)","decl":{"start":{"line":4,"column":58},"end":{"line":4,"column":59}},"loc":{"start":{"line":4,"column":69},"end":{"line":4,"column":85}},"line":4},"2":{"name":"(anonymous_2)","decl":{"start":{"line":5,"column":6},"end":{"line":5,"column":7}},"loc":{"start":{"line":5,"column":28},"end":{"line":8,"column":1}},"line":5},"3":{"name":"(anonymous_3)","decl":{"start":{"line":9,"column":80},"end":{"line":9,"column":81}},"loc":{"start":{"line":9,"column":95},"end":{"line":11,"column":1}},"line":9},"4":{"name":"(anonymous_4)","decl":{"start":{"line":11,"column":5},"end":{"line":11,"column":6}},"loc":{"start":{"line":11,"column":20},"end":{"line":13,"column":1}},"line":11},"5":{"name":"(anonymous_5)","decl":{"start":{"line":14,"column":50},"end":{"line":14,"column":51}},"loc":{"start":{"line":14,"column":65},"end":{"line":20,"column":1}},"line":14},"6":{"name":"(anonymous_6)","decl":{"start":{"line":21,"column":44},"end":{"line":21,"column":45}},"loc":{"start":{"line":21,"column":89},"end":{"line":29,"column":1}},"line":21},"7":{"name":"adopt","decl":{"start":{"line":22,"column":13},"end":{"line":22,"column":18}},"loc":{"start":{"line":22,"column":26},"end":{"line":22,"column":112}},"line":22},"8":{"name":"(anonymous_8)","decl":{"start":{"line":22,"column":70},"end":{"line":22,"column":71}},"loc":{"start":{"line":22,"column":89},"end":{"line":22,"column":108}},"line":22},"9":{"name":"(anonymous_9)","decl":{"start":{"line":23,"column":36},"end":{"line":23,"column":37}},"loc":{"start":{"line":23,"column":63},"end":{"line":28,"column":5}},"line":23},"10":{"name":"fulfilled","decl":{"start":{"line":24,"column":17},"end":{"line":24,"column":26}},"loc":{"start":{"line":24,"column":34},"end":{"line":24,"column":99}},"line":24},"11":{"name":"rejected","decl":{"start":{"line":25,"column":17},"end":{"line":25,"column":25}},"loc":{"start":{"line":25,"column":33},"end":{"line":25,"column":102}},"line":25},"12":{"name":"step","decl":{"start":{"line":26,"column":17},"end":{"line":26,"column":21}},"loc":{"start":{"line":26,"column":30},"end":{"line":26,"column":118}},"line":26},"13":{"name":"(anonymous_13)","decl":{"start":{"line":30,"column":56},"end":{"line":30,"column":57}},"loc":{"start":{"line":30,"column":71},"end":{"line":32,"column":1}},"line":30},"14":{"name":"(anonymous_14)","decl":{"start":{"line":41,"column":20},"end":{"line":41,"column":21}},"loc":{"start":{"line":41,"column":26},"end":{"line":103,"column":1}},"line":41},"15":{"name":"(anonymous_15)","decl":{"start":{"line":44,"column":11},"end":{"line":44,"column":12}},"loc":{"start":{"line":44,"column":17},"end":{"line":48,"column":6}},"line":44},"16":{"name":"(anonymous_16)","decl":{"start":{"line":44,"column":51},"end":{"line":44,"column":52}},"loc":{"start":{"line":44,"column":64},"end":{"line":48,"column":5}},"line":44},"17":{"name":"(anonymous_17)","decl":{"start":{"line":49,"column":10},"end":{"line":49,"column":11}},"loc":{"start":{"line":49,"column":16},"end":{"line":51,"column":6}},"line":49},"18":{"name":"(anonymous_18)","decl":{"start":{"line":49,"column":50},"end":{"line":49,"column":51}},"loc":{"start":{"line":49,"column":63},"end":{"line":51,"column":5}},"line":49},"19":{"name":"(anonymous_19)","decl":{"start":{"line":52,"column":38},"end":{"line":52,"column":39}},"loc":{"start":{"line":52,"column":44},"end":{"line":69,"column":6}},"line":52},"20":{"name":"(anonymous_20)","decl":{"start":{"line":52,"column":78},"end":{"line":52,"column":79}},"loc":{"start":{"line":52,"column":91},"end":{"line":69,"column":5}},"line":52},"21":{"name":"(anonymous_21)","decl":{"start":{"line":65,"column":17},"end":{"line":65,"column":18}},"loc":{"start":{"line":65,"column":31},"end":{"line":68,"column":9}},"line":65},"22":{"name":"(anonymous_22)","decl":{"start":{"line":70,"column":40},"end":{"line":70,"column":41}},"loc":{"start":{"line":70,"column":46},"end":{"line":87,"column":6}},"line":70},"23":{"name":"(anonymous_23)","decl":{"start":{"line":70,"column":80},"end":{"line":70,"column":81}},"loc":{"start":{"line":70,"column":93},"end":{"line":87,"column":5}},"line":70},"24":{"name":"(anonymous_24)","decl":{"start":{"line":83,"column":17},"end":{"line":83,"column":18}},"loc":{"start":{"line":83,"column":31},"end":{"line":86,"column":9}},"line":83},"25":{"name":"(anonymous_25)","decl":{"start":{"line":88,"column":35},"end":{"line":88,"column":36}},"loc":{"start":{"line":88,"column":41},"end":{"line":102,"column":6}},"line":88},"26":{"name":"(anonymous_26)","decl":{"start":{"line":88,"column":75},"end":{"line":88,"column":76}},"loc":{"start":{"line":88,"column":88},"end":{"line":102,"column":5}},"line":88},"27":{"name":"(anonymous_27)","decl":{"start":{"line":98,"column":17},"end":{"line":98,"column":18}},"loc":{"start":{"line":98,"column":31},"end":{"line":101,"column":9}},"line":98}},"branchMap":{"0":{"loc":{"start":{"line":2,"column":22},"end":{"line":8,"column":3}},"type":"binary-expr","locations":[{"start":{"line":2,"column":23},"end":{"line":2,"column":27}},{"start":{"line":2,"column":31},"end":{"line":2,"column":51}},{"start":{"line":2,"column":57},"end":{"line":8,"column":2}}],"line":2},"1":{"loc":{"start":{"line":2,"column":57},"end":{"line":8,"column":2}},"type":"cond-expr","locations":[{"start":{"line":2,"column":74},"end":{"line":5,"column":1}},{"start":{"line":5,"column":6},"end":{"line":8,"column":1}}],"line":2},"2":{"loc":{"start":{"line":3,"column":4},"end":{"line":3,"column":33}},"type":"if","locations":[{"start":{"line":3,"column":4},"end":{"line":3,"column":33}},{"start":{"line":3,"column":4},"end":{"line":3,"column":33}}],"line":3},"3":{"loc":{"start":{"line":6,"column":4},"end":{"line":6,"column":33}},"type":"if","locations":[{"start":{"line":6,"column":4},"end":{"line":6,"column":33}},{"start":{"line":6,"column":4},"end":{"line":6,"column":33}}],"line":6},"4":{"loc":{"start":{"line":9,"column":25},"end":{"line":13,"column":2}},"type":"binary-expr","locations":[{"start":{"line":9,"column":26},"end":{"line":9,"column":30}},{"start":{"line":9,"column":34},"end":{"line":9,"column":57}},{"start":{"line":9,"column":63},"end":{"line":13,"column":1}}],"line":9},"5":{"loc":{"start":{"line":9,"column":63},"end":{"line":13,"column":1}},"type":"cond-expr","locations":[{"start":{"line":9,"column":80},"end":{"line":11,"column":1}},{"start":{"line":11,"column":5},"end":{"line":13,"column":1}}],"line":9},"6":{"loc":{"start":{"line":14,"column":19},"end":{"line":20,"column":1}},"type":"binary-expr","locations":[{"start":{"line":14,"column":20},"end":{"line":14,"column":24}},{"start":{"line":14,"column":28},"end":{"line":14,"column":45}},{"start":{"line":14,"column":50},"end":{"line":20,"column":1}}],"line":14},"7":{"loc":{"start":{"line":15,"column":4},"end":{"line":15,"column":42}},"type":"if","locations":[{"start":{"line":15,"column":4},"end":{"line":15,"column":42}},{"start":{"line":15,"column":4},"end":{"line":15,"column":42}}],"line":15},"8":{"loc":{"start":{"line":15,"column":8},"end":{"line":15,"column":29}},"type":"binary-expr","locations":[{"start":{"line":15,"column":8},"end":{"line":15,"column":11}},{"start":{"line":15,"column":15},"end":{"line":15,"column":29}}],"line":15},"9":{"loc":{"start":{"line":17,"column":4},"end":{"line":17,"column":131}},"type":"if","locations":[{"start":{"line":17,"column":4},"end":{"line":17,"column":131}},{"start":{"line":17,"column":4},"end":{"line":17,"column":131}}],"line":17},"10":{"loc":{"start":{"line":17,"column":40},"end":{"line":17,"column":131}},"type":"if","locations":[{"start":{"line":17,"column":40},"end":{"line":17,"column":131}},{"start":{"line":17,"column":40},"end":{"line":17,"column":131}}],"line":17},"11":{"loc":{"start":{"line":17,"column":44},"end":{"line":17,"column":97}},"type":"binary-expr","locations":[{"start":{"line":17,"column":44},"end":{"line":17,"column":59}},{"start":{"line":17,"column":63},"end":{"line":17,"column":97}}],"line":17},"12":{"loc":{"start":{"line":21,"column":16},"end":{"line":29,"column":1}},"type":"binary-expr","locations":[{"start":{"line":21,"column":17},"end":{"line":21,"column":21}},{"start":{"line":21,"column":25},"end":{"line":21,"column":39}},{"start":{"line":21,"column":44},"end":{"line":29,"column":1}}],"line":21},"13":{"loc":{"start":{"line":22,"column":35},"end":{"line":22,"column":109}},"type":"cond-expr","locations":[{"start":{"line":22,"column":56},"end":{"line":22,"column":61}},{"start":{"line":22,"column":64},"end":{"line":22,"column":109}}],"line":22},"14":{"loc":{"start":{"line":23,"column":16},"end":{"line":23,"column":34}},"type":"binary-expr","locations":[{"start":{"line":23,"column":16},"end":{"line":23,"column":17}},{"start":{"line":23,"column":22},"end":{"line":23,"column":33}}],"line":23},"15":{"loc":{"start":{"line":26,"column":32},"end":{"line":26,"column":115}},"type":"cond-expr","locations":[{"start":{"line":26,"column":46},"end":{"line":26,"column":67}},{"start":{"line":26,"column":70},"end":{"line":26,"column":115}}],"line":26},"16":{"loc":{"start":{"line":27,"column":51},"end":{"line":27,"column":67}},"type":"binary-expr","locations":[{"start":{"line":27,"column":51},"end":{"line":27,"column":61}},{"start":{"line":27,"column":65},"end":{"line":27,"column":67}}],"line":27},"17":{"loc":{"start":{"line":30,"column":22},"end":{"line":32,"column":1}},"type":"binary-expr","locations":[{"start":{"line":30,"column":23},"end":{"line":30,"column":27}},{"start":{"line":30,"column":31},"end":{"line":30,"column":51}},{"start":{"line":30,"column":56},"end":{"line":32,"column":1}}],"line":30},"18":{"loc":{"start":{"line":31,"column":11},"end":{"line":31,"column":61}},"type":"cond-expr","locations":[{"start":{"line":31,"column":37},"end":{"line":31,"column":40}},{"start":{"line":31,"column":43},"end":{"line":31,"column":61}}],"line":31},"19":{"loc":{"start":{"line":31,"column":12},"end":{"line":31,"column":33}},"type":"binary-expr","locations":[{"start":{"line":31,"column":12},"end":{"line":31,"column":15}},{"start":{"line":31,"column":19},"end":{"line":31,"column":33}}],"line":31}},"s":{"0":1,"1":10,"2":10,"3":10,"4":6,"5":0,"6":0,"7":0,"8":1,"9":1,"10":0,"11":1,"12":1,"13":0,"14":1,"15":1,"16":1,"17":10,"18":10,"19":1,"20":1,"21":1,"22":1,"23":0,"24":5,"25":1,"26":1,"27":0,"28":0,"29":0,"30":0,"31":6,"32":5,"33":1,"34":1,"35":1,"36":1,"37":1,"38":1,"39":1,"40":1,"41":1,"42":1,"43":1,"44":1,"45":1,"46":1,"47":1,"48":1,"49":1,"50":1,"51":1,"52":1,"53":1,"54":1,"55":1,"56":1,"57":1,"58":1,"59":1,"60":1,"61":1,"62":1,"63":1,"64":1,"65":1,"66":1},"f":{"0":10,"1":6,"2":0,"3":1,"4":0,"5":1,"6":5,"7":1,"8":0,"9":5,"10":1,"11":0,"12":6,"13":1,"14":1,"15":1,"16":1,"17":1,"18":1,"19":1,"20":1,"21":1,"22":1,"23":1,"24":1,"25":1,"26":1,"27":1},"b":{"0":[1,1,1],"1":[1,0],"2":[10,0],"3":[0,0],"4":[1,1,1],"5":[1,0],"6":[1,1,1],"7":[0,1],"8":[1,1],"9":[1,0],"10":[10,0],"11":[10,10],"12":[1,1,1],"13":[1,0],"14":[5,5],"15":[5,1],"16":[5,5],"17":[1,1,1],"18":[0,1],"19":[1,1]},"inputSourceMap":{"version":3,"file":"/Users/chunghyup/projects/api-gen/api-designer/server/test/authApi.test.ts","sources":["/Users/chunghyup/projects/api-gen/api-designer/server/test/authApi.test.ts"],"names":[],"mappings":";;;;;;;;;;;;;;;;;;;;;;;;;;;;;;;;;AAAA,6CAAoC;AACpC,0DAAiC;AACjC,oCAAyC;AACzC,uDAAoD;AAEpD,kFAA+E;AAE/E,OAAO,CAAC,GAAG,CAAC,QAAQ,GAAG,MAAM,CAAC;AAE9B,cAAI,CAAC,GAAG,CAAC,mBAAQ,CAAC,CAAC;AACnB,QAAQ,CAAC,SAAS,EAAE,GAAG,EAAE;IACvB,IAAI,WAAW,CAAC;IAChB,IAAI,OAAO,CAAC;IAEZ,MAAM,CAAC,GAAS,EAAE;QAChB,WAAW,GAAG,IAAI,iBAAW,EAAE,CAAA;QAC/B,MAAM,WAAW,CAAC,gBAAgB,EAAE,CAAC;QACrC,OAAO,GAAG,cAAI,CAAC,OAAO,CAAC,WAAW,CAAC,GAAG,CAAC,CAAC;IAC1C,CAAC,CAAA,CAAC,CAAA;IAEF,KAAK,CAAC,GAAS,EAAE;QACf,WAAW,CAAC,MAAM,CAAC,KAAK,EAAE,CAAC;IAC7B,CAAC,CAAA,CAAC,CAAA;IAEF,EAAE,CAAC,6BAA6B,EAAE,GAAS,EAAE;QAC3C;;WAEG;QACH,cAAI,CAAC,OAAO,CAAC,WAAW,CAAC,GAAG,CAAC;aAC5B,IAAI,CAAC,mBAAmB,CAAC;aACzB,IAAI,CAAC;YACJ,QAAQ,EAAE,OAAO;YACjB,QAAQ,EAAE,OAAO;YACjB,eAAe,EAAE,OAAO;YACxB,IAAI,EAAE,WAAW;YACjB,KAAK,EAAE,qBAAqB;SAC7B,CAAC;aACD,GAAG,CAAC,CAAC,GAAG,EAAE,GAAG,EAAE,EAAE;YAChB,aAAM,CAAC,GAAG,CAAC,CAAC,EAAE,CAAC,IAAI,CAAC,MAAM,CAAC,GAAG,CAAC,CAAC;YAChC,aAAM,CAAC,GAAG,CAAC,IAAI,CAAC,IAAI,CAAC,CAAC,EAAE,CAAC,KAAK,CAAC,uBAAU,CAAC,MAAM,CAAC,iBAAO,CAAC,IAAI,CAAC,kBAAkB,CAAC,CAAC,CAAC;QACrF,CAAC,CAAC,CAAA;IACJ,CAAC,CAAA,CAAC,CAAC;IAEH,EAAE,CAAC,+BAA+B,EAAE,GAAS,EAAE;QAC7C;;WAEG;QACH,cAAI,CAAC,OAAO,CAAC,WAAW,CAAC,GAAG,CAAC;aAC5B,IAAI,CAAC,mBAAmB,CAAC;aACzB,IAAI,CAAC;YACJ,QAAQ,EAAE,uBAAuB;YACjC,QAAQ,EAAE,OAAO;YACjB,eAAe,EAAE,QAAQ;YACzB,IAAI,EAAE,qBAAqB;YAC3B,KAAK,EAAE,4BAA4B;SACpC,CAAC;aACD,GAAG,CAAC,CAAC,GAAG,EAAE,GAAG,EAAE,EAAE;YAChB,aAAM,CAAC,GAAG,CAAC,CAAC,EAAE,CAAC,IAAI,CAAC,MAAM,CAAC,GAAG,CAAC,CAAC;YAChC,aAAM,CAAC,GAAG,CAAC,IAAI,CAAC,IAAI,CAAC,CAAC,EAAE,CAAC,KAAK,CAAC,uBAAU,CAAC,MAAM,CAAC,iBAAO,CAAC,IAAI,CAAC,oBAAoB,CAAC,CAAC,CAAC;QACvF,CAAC,CAAC,CAAA;IACJ,CAAC,CAAA,CAAC,CAAC;IAEH,EAAE,CAAC,0BAA0B,EAAE,GAAS,EAAE;QACxC,cAAI,CAAC,OAAO,CAAC,WAAW,CAAC,GAAG,CAAC;aAC5B,IAAI,CAAC,mBAAmB,CAAC;aACzB,IAAI,CAAC;YACJ,QAAQ,EAAE,aAAa;YACvB,QAAQ,EAAE,QAAQ;YAClB,eAAe,EAAE,QAAQ;YACzB,IAAI,EAAE,qBAAqB;YAC3B,KAAK,EAAE,wBAAwB;SAChC,CAAC;aACD,GAAG,CAAC,CAAC,GAAG,EAAE,GAAG,EAAE,EAAE;YAChB,aAAM,CAAC,GAAG,CAAC,CAAC,EAAE,CAAC,IAAI,CAAC,MAAM,CAAC,GAAG,CAAC,CAAC;YAChC,aAAM,CAAC,GAAG,CAAC,IAAI,CAAC,IAAI,CAAC,CAAC,EAAE,CAAC,KAAK,CAAC,uBAAU,CAAC,MAAM,CAAC,iBAAO,CAAC,IAAI,CAAC,eAAe,CAAC,CAAC,CAAC;QAClF,CAAC,CAAC,CAAA;IACJ,CAAC,CAAA,CAAC,CAAA;AACJ,CAAC,CAAC,CAAC","sourcesContent":["import chai, { expect } from 'chai';\nimport chaiHttp from 'chai-http';\nimport { Application } from '../src/app';\nimport { ERROR_CODE } from '../src/util/ErrorCodes';\nimport { AuthResult } from '../src/lib/infuser-protobuf/gen/proto/author/auth_pb';\nimport { UserRes } from '../src/lib/infuser-protobuf/gen/proto/author/user_pb';\n\nprocess.env.NODE_ENV = 'test';\n\nchai.use(chaiHttp);\ndescribe('authApi', () => {\n  let application;\n  let request;\n  \n  before(async () => {\n    application = new Application()\n    await application.setupDbAndServer();\n    request = chai.request(application.app);\n  })\n  \n  after(async () => {\n    application.server.close();\n  })\n\n  it('regist - duplicate_login_id', async () => {\n    /**\n     * duplicate user\n     */\n    chai.request(application.app)\n    .post('/api/oauth/regist')\n    .send({\n      username: \"admin\",\n      password: \"admin\",\n      passwordConfirm: \"admin\",\n      name: \"chunghyup\",\n      email: \"chunghyup@gamil.com\"\n    })\n    .end((err, res) => {\n      expect(res).to.have.status(401);\n      expect(res.body.code).to.equal(ERROR_CODE.REGIST[UserRes.Code.DUPLICATE_LOGIN_ID]);\n    })\n  });\n\n  it('regist - password_not_matched', async () => {\n    /**\n     * password not match\n     */\n    chai.request(application.app)\n    .post('/api/oauth/regist')\n    .send({\n      username: \"asdjf9123kjfsadlfj1-2\",\n      password: \"admin\",\n      passwordConfirm: \"admin2\",\n      name: \"asdrf392-0risa;dlof\",\n      email: \"asd4129ufwadjs;f@gamil.com\"\n    })\n    .end((err, res) => {\n      expect(res).to.have.status(401);\n      expect(res.body.code).to.equal(ERROR_CODE.REGIST[UserRes.Code.PASSWORD_NOT_MATCHED]);\n    })\n  });\n\n  it('regist - duplicate_email', async () => {\n    chai.request(application.app)\n    .post('/api/oauth/regist')\n    .send({\n      username: \"chunghyup-3\",\n      password: \"admin2\",\n      passwordConfirm: \"admin2\",\n      name: \"asdrf392-0risa;dlof\",\n      email: \"chunghyup.oh@gmail.com\"\n    })\n    .end((err, res) => {\n      expect(res).to.have.status(401);\n      expect(res.body.code).to.equal(ERROR_CODE.REGIST[UserRes.Code.DUPLICATE_EMAIL]);\n    })\n  })\n});"]},"_coverageSchema":"1a1c01bbd47fc00a2c39e90264f33305004495a9","hash":"7b85987bb907f5c4598f3d714f29900fca591ebf","contentHash":"57c68207905b71dff0f14d4af1b3e3b46c048399d29679a65057055b49475b8a"},"/Users/chunghyup/projects/api-gen/api-designer/server/src/app.ts":{"path":"/Users/chunghyup/projects/api-gen/api-designer/server/src/app.ts","statementMap":{"0":{"start":{"line":2,"column":22},"end":{"line":8,"column":3}},"1":{"start":{"line":3,"column":4},"end":{"line":3,"column":33}},"2":{"start":{"line":3,"column":26},"end":{"line":3,"column":33}},"3":{"start":{"line":4,"column":4},"end":{"line":4,"column":89}},"4":{"start":{"line":4,"column":71},"end":{"line":4,"column":83}},"5":{"start":{"line":6,"column":4},"end":{"line":6,"column":33}},"6":{"start":{"line":6,"column":26},"end":{"line":6,"column":33}},"7":{"start":{"line":7,"column":4},"end":{"line":7,"column":17}},"8":{"start":{"line":9,"column":25},"end":{"line":13,"column":2}},"9":{"start":{"line":10,"column":4},"end":{"line":10,"column":72}},"10":{"start":{"line":12,"column":4},"end":{"line":12,"column":21}},"11":{"start":{"line":14,"column":19},"end":{"line":20,"column":1}},"12":{"start":{"line":15,"column":4},"end":{"line":15,"column":42}},"13":{"start":{"line":15,"column":31},"end":{"line":15,"column":42}},"14":{"start":{"line":16,"column":17},"end":{"line":16,"column":19}},"15":{"start":{"line":17,"column":4},"end":{"line":17,"column":131}},"16":{"start":{"line":17,"column":21},"end":{"line":17,"column":131}},"17":{"start":{"line":17,"column":40},"end":{"line":17,"column":131}},"18":{"start":{"line":17,"column":99},"end":{"line":17,"column":131}},"19":{"start":{"line":18,"column":4},"end":{"line":18,"column":36}},"20":{"start":{"line":19,"column":4},"end":{"line":19,"column":18}},"21":{"start":{"line":21,"column":16},"end":{"line":29,"column":1}},"22":{"start":{"line":22,"column":28},"end":{"line":22,"column":110}},"23":{"start":{"line":22,"column":91},"end":{"line":22,"column":106}},"24":{"start":{"line":23,"column":4},"end":{"line":28,"column":7}},"25":{"start":{"line":24,"column":36},"end":{"line":24,"column":97}},"26":{"start":{"line":24,"column":42},"end":{"line":24,"column":70}},"27":{"start":{"line":24,"column":85},"end":{"line":24,"column":95}},"28":{"start":{"line":25,"column":35},"end":{"line":25,"column":100}},"29":{"start":{"line":25,"column":41},"end":{"line":25,"column":73}},"30":{"start":{"line":25,"column":88},"end":{"line":25,"column":98}},"31":{"start":{"line":26,"column":32},"end":{"line":26,"column":116}},"32":{"start":{"line":27,"column":8},"end":{"line":27,"column":78}},"33":{"start":{"line":30,"column":22},"end":{"line":32,"column":1}},"34":{"start":{"line":31,"column":4},"end":{"line":31,"column":62}},"35":{"start":{"line":33,"column":0},"end":{"line":33,"column":62}},"36":{"start":{"line":34,"column":0},"end":{"line":34,"column":29}},"37":{"start":{"line":35,"column":18},"end":{"line":35,"column":53}},"38":{"start":{"line":36,"column":22},"end":{"line":36,"column":61}},"39":{"start":{"line":37,"column":26},"end":{"line":37,"column":69}},"40":{"start":{"line":38,"column":26},"end":{"line":38,"column":69}},"41":{"start":{"line":39,"column":17},"end":{"line":39,"column":51}},"42":{"start":{"line":40,"column":24},"end":{"line":40,"column":65}},"43":{"start":{"line":41,"column":18},"end":{"line":41,"column":36}},"44":{"start":{"line":42,"column":27},"end":{"line":42,"column":73}},"45":{"start":{"line":43,"column":15},"end":{"line":43,"column":47}},"46":{"start":{"line":44,"column":17},"end":{"line":44,"column":43}},"47":{"start":{"line":45,"column":29},"end":{"line":45,"column":75}},"48":{"start":{"line":46,"column":22},"end":{"line":46,"column":68}},"49":{"start":{"line":47,"column":13},"end":{"line":47,"column":42}},"50":{"start":{"line":48,"column":23},"end":{"line":48,"column":70}},"51":{"start":{"line":49,"column":23},"end":{"line":49,"column":72}},"52":{"start":{"line":50,"column":20},"end":{"line":50,"column":66}},"53":{"start":{"line":51,"column":15},"end":{"line":51,"column":30}},"54":{"start":{"line":52,"column":23},"end":{"line":52,"column":46}},"55":{"start":{"line":53,"column":23},"end":{"line":53,"column":70}},"56":{"start":{"line":54,"column":17},"end":{"line":54,"column":44}},"57":{"start":{"line":57,"column":8},"end":{"line":97,"column":11}},"58":{"start":{"line":57,"column":38},"end":{"line":97,"column":10}},"59":{"start":{"line":58,"column":25},"end":{"line":58,"column":96}},"60":{"start":{"line":59,"column":32},"end":{"line":59,"column":103}},"61":{"start":{"line":60,"column":32},"end":{"line":60,"column":79}},"62":{"start":{"line":61,"column":12},"end":{"line":61,"column":46}},"63":{"start":{"line":62,"column":12},"end":{"line":62,"column":54}},"64":{"start":{"line":63,"column":12},"end":{"line":65,"column":16}},"65":{"start":{"line":63,"column":89},"end":{"line":65,"column":14}},"66":{"start":{"line":64,"column":16},"end":{"line":64,"column":99}},"67":{"start":{"line":66,"column":12},"end":{"line":69,"column":15}},"68":{"start":{"line":67,"column":26},"end":{"line":67,"column":74}},"69":{"start":{"line":68,"column":16},"end":{"line":68,"column":26}},"70":{"start":{"line":70,"column":12},"end":{"line":94,"column":15}},"71":{"start":{"line":71,"column":16},"end":{"line":76,"column":17}},"72":{"start":{"line":72,"column":20},"end":{"line":75,"column":23}},"73":{"start":{"line":77,"column":16},"end":{"line":81,"column":17}},"74":{"start":{"line":78,"column":20},"end":{"line":80,"column":23}},"75":{"start":{"line":82,"column":16},"end":{"line":92,"column":17}},"76":{"start":{"line":83,"column":20},"end":{"line":88,"column":21}},"77":{"start":{"line":84,"column":49},"end":{"line":84,"column":52}},"78":{"start":{"line":85,"column":24},"end":{"line":87,"column":27}},"79":{"start":{"line":89,"column":20},"end":{"line":91,"column":23}},"80":{"start":{"line":93,"column":16},"end":{"line":93,"column":23}},"81":{"start":{"line":95,"column":12},"end":{"line":95,"column":37}},"82":{"start":{"line":96,"column":12},"end":{"line":96,"column":35}},"83":{"start":{"line":98,"column":8},"end":{"line":98,"column":39}},"84":{"start":{"line":99,"column":8},"end":{"line":99,"column":39}},"85":{"start":{"line":100,"column":8},"end":{"line":100,"column":51}},"86":{"start":{"line":101,"column":8},"end":{"line":101,"column":76}},"87":{"start":{"line":102,"column":8},"end":{"line":102,"column":59}},"88":{"start":{"line":103,"column":8},"end":{"line":107,"column":12}},"89":{"start":{"line":108,"column":8},"end":{"line":108,"column":48}},"90":{"start":{"line":109,"column":8},"end":{"line":112,"column":11}},"91":{"start":{"line":110,"column":12},"end":{"line":110,"column":51}},"92":{"start":{"line":111,"column":12},"end":{"line":111,"column":19}},"93":{"start":{"line":113,"column":8},"end":{"line":115,"column":9}},"94":{"start":{"line":114,"column":12},"end":{"line":114,"column":170}},"95":{"start":{"line":118,"column":8},"end":{"line":118,"column":44}},"96":{"start":{"line":119,"column":8},"end":{"line":119,"column":48}},"97":{"start":{"line":120,"column":8},"end":{"line":120,"column":102}},"98":{"start":{"line":121,"column":8},"end":{"line":121,"column":32}},"99":{"start":{"line":124,"column":8},"end":{"line":128,"column":11}},"100":{"start":{"line":125,"column":12},"end":{"line":127,"column":15}},"101":{"start":{"line":126,"column":16},"end":{"line":126,"column":30}},"102":{"start":{"line":131,"column":0},"end":{"line":131,"column":34}}},"fnMap":{"0":{"name":"(anonymous_0)","decl":{"start":{"line":2,"column":74},"end":{"line":2,"column":75}},"loc":{"start":{"line":2,"column":96},"end":{"line":5,"column":1}},"line":2},"1":{"name":"(anonymous_1)","decl":{"start":{"line":4,"column":58},"end":{"line":4,"column":59}},"loc":{"start":{"line":4,"column":69},"end":{"line":4,"column":85}},"line":4},"2":{"name":"(anonymous_2)","decl":{"start":{"line":5,"column":6},"end":{"line":5,"column":7}},"loc":{"start":{"line":5,"column":28},"end":{"line":8,"column":1}},"line":5},"3":{"name":"(anonymous_3)","decl":{"start":{"line":9,"column":80},"end":{"line":9,"column":81}},"loc":{"start":{"line":9,"column":95},"end":{"line":11,"column":1}},"line":9},"4":{"name":"(anonymous_4)","decl":{"start":{"line":11,"column":5},"end":{"line":11,"column":6}},"loc":{"start":{"line":11,"column":20},"end":{"line":13,"column":1}},"line":11},"5":{"name":"(anonymous_5)","decl":{"start":{"line":14,"column":50},"end":{"line":14,"column":51}},"loc":{"start":{"line":14,"column":65},"end":{"line":20,"column":1}},"line":14},"6":{"name":"(anonymous_6)","decl":{"start":{"line":21,"column":44},"end":{"line":21,"column":45}},"loc":{"start":{"line":21,"column":89},"end":{"line":29,"column":1}},"line":21},"7":{"name":"adopt","decl":{"start":{"line":22,"column":13},"end":{"line":22,"column":18}},"loc":{"start":{"line":22,"column":26},"end":{"line":22,"column":112}},"line":22},"8":{"name":"(anonymous_8)","decl":{"start":{"line":22,"column":70},"end":{"line":22,"column":71}},"loc":{"start":{"line":22,"column":89},"end":{"line":22,"column":108}},"line":22},"9":{"name":"(anonymous_9)","decl":{"start":{"line":23,"column":36},"end":{"line":23,"column":37}},"loc":{"start":{"line":23,"column":63},"end":{"line":28,"column":5}},"line":23},"10":{"name":"fulfilled","decl":{"start":{"line":24,"column":17},"end":{"line":24,"column":26}},"loc":{"start":{"line":24,"column":34},"end":{"line":24,"column":99}},"line":24},"11":{"name":"rejected","decl":{"start":{"line":25,"column":17},"end":{"line":25,"column":25}},"loc":{"start":{"line":25,"column":33},"end":{"line":25,"column":102}},"line":25},"12":{"name":"step","decl":{"start":{"line":26,"column":17},"end":{"line":26,"column":21}},"loc":{"start":{"line":26,"column":30},"end":{"line":26,"column":118}},"line":26},"13":{"name":"(anonymous_13)","decl":{"start":{"line":30,"column":56},"end":{"line":30,"column":57}},"loc":{"start":{"line":30,"column":71},"end":{"line":32,"column":1}},"line":30},"14":{"name":"(anonymous_14)","decl":{"start":{"line":56,"column":4},"end":{"line":56,"column":5}},"loc":{"start":{"line":56,"column":18},"end":{"line":116,"column":5}},"line":56},"15":{"name":"(anonymous_15)","decl":{"start":{"line":57,"column":32},"end":{"line":57,"column":33}},"loc":{"start":{"line":57,"column":38},"end":{"line":97,"column":10}},"line":57},"16":{"name":"(anonymous_16)","decl":{"start":{"line":57,"column":70},"end":{"line":57,"column":71}},"loc":{"start":{"line":57,"column":83},"end":{"line":97,"column":9}},"line":57},"17":{"name":"(anonymous_17)","decl":{"start":{"line":63,"column":74},"end":{"line":63,"column":75}},"loc":{"start":{"line":63,"column":89},"end":{"line":65,"column":14}},"line":63},"18":{"name":"(anonymous_18)","decl":{"start":{"line":63,"column":121},"end":{"line":63,"column":122}},"loc":{"start":{"line":63,"column":134},"end":{"line":65,"column":13}},"line":63},"19":{"name":"(anonymous_19)","decl":{"start":{"line":66,"column":25},"end":{"line":66,"column":26}},"loc":{"start":{"line":66,"column":51},"end":{"line":69,"column":13}},"line":66},"20":{"name":"errorHandler","decl":{"start":{"line":70,"column":34},"end":{"line":70,"column":46}},"loc":{"start":{"line":70,"column":68},"end":{"line":94,"column":13}},"line":70},"21":{"name":"(anonymous_21)","decl":{"start":{"line":109,"column":21},"end":{"line":109,"column":22}},"loc":{"start":{"line":109,"column":47},"end":{"line":112,"column":9}},"line":109},"22":{"name":"(anonymous_22)","decl":{"start":{"line":117,"column":4},"end":{"line":117,"column":5}},"loc":{"start":{"line":117,"column":22},"end":{"line":122,"column":5}},"line":117},"23":{"name":"(anonymous_23)","decl":{"start":{"line":123,"column":4},"end":{"line":123,"column":5}},"loc":{"start":{"line":123,"column":18},"end":{"line":129,"column":5}},"line":123},"24":{"name":"(anonymous_24)","decl":{"start":{"line":124,"column":27},"end":{"line":124,"column":28}},"loc":{"start":{"line":124,"column":48},"end":{"line":128,"column":9}},"line":124},"25":{"name":"(anonymous_25)","decl":{"start":{"line":125,"column":57},"end":{"line":125,"column":58}},"loc":{"start":{"line":125,"column":63},"end":{"line":127,"column":13}},"line":125}},"branchMap":{"0":{"loc":{"start":{"line":2,"column":22},"end":{"line":8,"column":3}},"type":"binary-expr","locations":[{"start":{"line":2,"column":23},"end":{"line":2,"column":27}},{"start":{"line":2,"column":31},"end":{"line":2,"column":51}},{"start":{"line":2,"column":57},"end":{"line":8,"column":2}}],"line":2},"1":{"loc":{"start":{"line":2,"column":57},"end":{"line":8,"column":2}},"type":"cond-expr","locations":[{"start":{"line":2,"column":74},"end":{"line":5,"column":1}},{"start":{"line":5,"column":6},"end":{"line":8,"column":1}}],"line":2},"2":{"loc":{"start":{"line":3,"column":4},"end":{"line":3,"column":33}},"type":"if","locations":[{"start":{"line":3,"column":4},"end":{"line":3,"column":33}},{"start":{"line":3,"column":4},"end":{"line":3,"column":33}}],"line":3},"3":{"loc":{"start":{"line":6,"column":4},"end":{"line":6,"column":33}},"type":"if","locations":[{"start":{"line":6,"column":4},"end":{"line":6,"column":33}},{"start":{"line":6,"column":4},"end":{"line":6,"column":33}}],"line":6},"4":{"loc":{"start":{"line":9,"column":25},"end":{"line":13,"column":2}},"type":"binary-expr","locations":[{"start":{"line":9,"column":26},"end":{"line":9,"column":30}},{"start":{"line":9,"column":34},"end":{"line":9,"column":57}},{"start":{"line":9,"column":63},"end":{"line":13,"column":1}}],"line":9},"5":{"loc":{"start":{"line":9,"column":63},"end":{"line":13,"column":1}},"type":"cond-expr","locations":[{"start":{"line":9,"column":80},"end":{"line":11,"column":1}},{"start":{"line":11,"column":5},"end":{"line":13,"column":1}}],"line":9},"6":{"loc":{"start":{"line":14,"column":19},"end":{"line":20,"column":1}},"type":"binary-expr","locations":[{"start":{"line":14,"column":20},"end":{"line":14,"column":24}},{"start":{"line":14,"column":28},"end":{"line":14,"column":45}},{"start":{"line":14,"column":50},"end":{"line":20,"column":1}}],"line":14},"7":{"loc":{"start":{"line":15,"column":4},"end":{"line":15,"column":42}},"type":"if","locations":[{"start":{"line":15,"column":4},"end":{"line":15,"column":42}},{"start":{"line":15,"column":4},"end":{"line":15,"column":42}}],"line":15},"8":{"loc":{"start":{"line":15,"column":8},"end":{"line":15,"column":29}},"type":"binary-expr","locations":[{"start":{"line":15,"column":8},"end":{"line":15,"column":11}},{"start":{"line":15,"column":15},"end":{"line":15,"column":29}}],"line":15},"9":{"loc":{"start":{"line":17,"column":4},"end":{"line":17,"column":131}},"type":"if","locations":[{"start":{"line":17,"column":4},"end":{"line":17,"column":131}},{"start":{"line":17,"column":4},"end":{"line":17,"column":131}}],"line":17},"10":{"loc":{"start":{"line":17,"column":40},"end":{"line":17,"column":131}},"type":"if","locations":[{"start":{"line":17,"column":40},"end":{"line":17,"column":131}},{"start":{"line":17,"column":40},"end":{"line":17,"column":131}}],"line":17},"11":{"loc":{"start":{"line":17,"column":44},"end":{"line":17,"column":97}},"type":"binary-expr","locations":[{"start":{"line":17,"column":44},"end":{"line":17,"column":59}},{"start":{"line":17,"column":63},"end":{"line":17,"column":97}}],"line":17},"12":{"loc":{"start":{"line":21,"column":16},"end":{"line":29,"column":1}},"type":"binary-expr","locations":[{"start":{"line":21,"column":17},"end":{"line":21,"column":21}},{"start":{"line":21,"column":25},"end":{"line":21,"column":39}},{"start":{"line":21,"column":44},"end":{"line":29,"column":1}}],"line":21},"13":{"loc":{"start":{"line":22,"column":35},"end":{"line":22,"column":109}},"type":"cond-expr","locations":[{"start":{"line":22,"column":56},"end":{"line":22,"column":61}},{"start":{"line":22,"column":64},"end":{"line":22,"column":109}}],"line":22},"14":{"loc":{"start":{"line":23,"column":16},"end":{"line":23,"column":34}},"type":"binary-expr","locations":[{"start":{"line":23,"column":16},"end":{"line":23,"column":17}},{"start":{"line":23,"column":22},"end":{"line":23,"column":33}}],"line":23},"15":{"loc":{"start":{"line":26,"column":32},"end":{"line":26,"column":115}},"type":"cond-expr","locations":[{"start":{"line":26,"column":46},"end":{"line":26,"column":67}},{"start":{"line":26,"column":70},"end":{"line":26,"column":115}}],"line":26},"16":{"loc":{"start":{"line":27,"column":51},"end":{"line":27,"column":67}},"type":"binary-expr","locations":[{"start":{"line":27,"column":51},"end":{"line":27,"column":61}},{"start":{"line":27,"column":65},"end":{"line":27,"column":67}}],"line":27},"17":{"loc":{"start":{"line":30,"column":22},"end":{"line":32,"column":1}},"type":"binary-expr","locations":[{"start":{"line":30,"column":23},"end":{"line":30,"column":27}},{"start":{"line":30,"column":31},"end":{"line":30,"column":51}},{"start":{"line":30,"column":56},"end":{"line":32,"column":1}}],"line":30},"18":{"loc":{"start":{"line":31,"column":11},"end":{"line":31,"column":61}},"type":"cond-expr","locations":[{"start":{"line":31,"column":37},"end":{"line":31,"column":40}},{"start":{"line":31,"column":43},"end":{"line":31,"column":61}}],"line":31},"19":{"loc":{"start":{"line":31,"column":12},"end":{"line":31,"column":33}},"type":"binary-expr","locations":[{"start":{"line":31,"column":12},"end":{"line":31,"column":15}},{"start":{"line":31,"column":19},"end":{"line":31,"column":33}}],"line":31},"20":{"loc":{"start":{"line":71,"column":16},"end":{"line":76,"column":17}},"type":"if","locations":[{"start":{"line":71,"column":16},"end":{"line":76,"column":17}},{"start":{"line":71,"column":16},"end":{"line":76,"column":17}}],"line":71},"21":{"loc":{"start":{"line":74,"column":33},"end":{"line":74,"column":85}},"type":"cond-expr","locations":[{"start":{"line":74,"column":66},"end":{"line":74,"column":72}},{"start":{"line":74,"column":75},"end":{"line":74,"column":85}}],"line":74},"22":{"loc":{"start":{"line":74,"column":33},"end":{"line":74,"column":63}},"type":"binary-expr","locations":[{"start":{"line":74,"column":33},"end":{"line":74,"column":45}},{"start":{"line":74,"column":49},"end":{"line":74,"column":63}}],"line":74},"23":{"loc":{"start":{"line":77,"column":16},"end":{"line":81,"column":17}},"type":"if","locations":[{"start":{"line":77,"column":16},"end":{"line":81,"column":17}},{"start":{"line":77,"column":16},"end":{"line":81,"column":17}}],"line":77},"24":{"loc":{"start":{"line":82,"column":16},"end":{"line":92,"column":17}},"type":"if","locations":[{"start":{"line":82,"column":16},"end":{"line":92,"column":17}},{"start":{"line":82,"column":16},"end":{"line":92,"column":17}}],"line":82},"25":{"loc":{"start":{"line":83,"column":20},"end":{"line":88,"column":21}},"type":"if","locations":[{"start":{"line":83,"column":20},"end":{"line":88,"column":21}},{"start":{"line":83,"column":20},"end":{"line":88,"column":21}}],"line":83},"26":{"loc":{"start":{"line":113,"column":8},"end":{"line":115,"column":9}},"type":"if","locations":[{"start":{"line":113,"column":8},"end":{"line":115,"column":9}},{"start":{"line":113,"column":8},"end":{"line":115,"column":9}}],"line":113}},"s":{"0":1,"1":26,"2":26,"3":26,"4":2,"5":0,"6":0,"7":0,"8":1,"9":1,"10":0,"11":1,"12":1,"13":0,"14":1,"15":1,"16":1,"17":26,"18":26,"19":1,"20":1,"21":1,"22":4,"23":0,"24":1,"25":4,"26":4,"27":0,"28":0,"29":0,"30":0,"31":5,"32":1,"33":1,"34":14,"35":1,"36":1,"37":1,"38":1,"39":1,"40":1,"41":1,"42":1,"43":1,"44":1,"45":1,"46":1,"47":1,"48":1,"49":1,"50":1,"51":1,"52":1,"53":1,"54":1,"55":1,"56":1,"57":1,"58":1,"59":1,"60":1,"61":1,"62":1,"63":1,"64":1,"65":0,"66":0,"67":1,"68":0,"69":0,"70":1,"71":3,"72":0,"73":3,"74":0,"75":3,"76":3,"77":3,"78":3,"79":0,"80":0,"81":1,"82":1,"83":1,"84":1,"85":1,"86":1,"87":1,"88":1,"89":1,"90":1,"91":3,"92":3,"93":1,"94":0,"95":1,"96":1,"97":1,"98":1,"99":1,"100":1,"101":1,"102":1},"f":{"0":26,"1":2,"2":0,"3":1,"4":0,"5":1,"6":1,"7":4,"8":0,"9":1,"10":4,"11":0,"12":5,"13":14,"14":1,"15":1,"16":1,"17":0,"18":0,"19":0,"20":3,"21":3,"22":1,"23":1,"24":1,"25":1},"b":{"0":[1,1,1],"1":[1,0],"2":[26,0],"3":[0,0],"4":[1,1,1],"5":[1,0],"6":[1,1,1],"7":[0,1],"8":[1,1],"9":[1,0],"10":[26,0],"11":[26,26],"12":[1,1,1],"13":[4,0],"14":[1,1],"15":[1,4],"16":[1,1],"17":[1,1,1],"18":[5,9],"19":[14,14],"20":[0,3],"21":[0,0],"22":[0,0],"23":[0,3],"24":[3,0],"25":[3,0],"26":[0,1]},"inputSourceMap":{"version":3,"file":"/Users/chunghyup/projects/api-gen/api-designer/server/src/app.ts","sources":["/Users/chunghyup/projects/api-gen/api-designer/server/src/app.ts"],"names":[],"mappings":";;;;;;;;;;;;;;;;;;;;;;;;;;;;;;;;;;AAAA,sDAIiB;AACjB,8DAAqC;AACrC,sEAA6C;AAG7C,sEAAsC;AACtC,oDAA4B;AAC5B,kEAAkC;AAClC,qCAA4D;AAC5D,0EAAkD;AAClD,gDAAwB;AACxB,4CAAiD;AACjD,4EAA2C;AAC3C,qEAA6C;AAC7C,2CAA6B;AAE7B,uEAAoD;AACpD,yEAA4C;AAC5C,mEAA2C;AAC3C,+BAAqC;AACrC,+CAAoE;AACpE,uEAA+C;AAE/C,MAAM,QAAQ,GAAG,OAAO,CAAC,kBAAkB,CAAC,CAAA;AAE5C,MAAa,WAAW;IAKtB;QAsBA,qBAAgB,GAAG,GAAS,EAAE;YAC5B,MAAM,IAAI,GAAG,MAAM,0BAAgB,CAAC,mBAAS,CAAC,iBAAiB,CAAC,CAAA;YAChE,MAAM,WAAW,GAAG,MAAM,0BAAgB,CAAC,mBAAS,CAAC,iBAAiB,CAAC,CAAA;YAEvE,MAAM,WAAW,GAAG,MAAM,sBAAY,CAAC,QAAQ,CAAC,OAAO,EAAE,CAAC;YAE1D,uBAAc,CAAkB,IAAI,CAAC,GAAG,CAAC,CAAC;YAC1C,qBAAW,CAAC,SAAS,CAAC,IAAI,CAAC,GAAG,CAAC,CAAC;YAEhC,IAAI,CAAC,GAAG,CAAC,GAAG,CAAC,WAAW,EAAE,4BAAS,CAAC,KAAK,EAAE,CAAO,IAAqB,EAAE,GAAqB,EAAE,EAAE;gBAChG,OAAO,GAAG,CAAC,IAAI,CACb,4BAAS,CAAC,YAAY,CAAC,sBAAO,CAAC,CAChC,CAAC;YACJ,CAAC,CAAA,CAAC,CAAC;YAEH,IAAI,CAAC,GAAG,CAAC,GAAG,CAAC,UAAS,GAAG,EAAE,GAAG,EAAE,IAAI;gBAClC,IAAI,GAAG,GAAG,IAAI,0BAAgB,CAAC,GAAG,EAAE,WAAW,CAAC,CAAC;gBACjD,IAAI,CAAC,GAAG,CAAC,CAAC;YACZ,CAAC,CAAC,CAAC;YAEH,IAAI,CAAC,GAAG,CAAC,GAAG,CAAC,SAAS,YAAY,CAChC,GAAY,EACZ,GAAc,EACd,GAAe,EACf,IAAkB;gBAElB,IAAI,GAAG,YAAY,oBAAa,EAAE;oBAChC,OAAO,GAAG,CAAC,MAAM,CAAC,GAAG,CAAC,CAAC,IAAI,CAAC;wBAC1B,OAAO,EAAE,mBAAmB;wBAC5B,OAAO,EAAE,GAAG,aAAH,GAAG,uBAAH,GAAG,CAAE,MAAM;qBACrB,CAAC,CAAC;iBACJ;gBAED,IAAI,GAAG,YAAY,gCAAiB,EAAE;oBACpC,OAAO,GAAG,CAAC,MAAM,CAAC,GAAG,CAAC,CAAC,IAAI,CAAC;wBAC1B,OAAO,EAAE,eAAe;qBACzB,CAAC,CAAA;iBACH;gBAED,IAAI,GAAG,YAAY,KAAK,EAAE;oBACxB,IAAG,GAAG,CAAC,IAAI,KAAK,kBAAkB,EAAE;wBAClC,MAAM,gBAAgB,GAAsB,GAAG,CAAC;wBAChD,OAAO,GAAG,CAAC,MAAM,CAAC,gBAAgB,CAAC,UAAU,CAAC,CAAC,IAAI,CAAC;4BAClD,IAAI,EAAE,gBAAgB,CAAC,OAAO;yBAC/B,CAAC,CAAC;qBACJ;oBACD,OAAO,GAAG,CAAC,MAAM,CAAC,GAAG,CAAC,CAAC,IAAI,CAAC;wBAC1B,OAAO,EAAE,uBAAuB;qBACjC,CAAC,CAAC;iBACJ;gBAED,IAAI,EAAE,CAAC;YACT,CAAC,CAAC,CAAC;YAEH,MAAM,IAAI,CAAC,WAAW,EAAE,CAAC;YACzB,IAAI,CAAC,eAAe,EAAE,CAAC;QACzB,CAAC,CAAA,CAAA;QA7EC,IAAI,CAAC,GAAG,GAAG,iBAAO,EAAE,CAAC;QACrB,IAAI,CAAC,GAAG,CAAC,GAAG,CAAC,cAAI,EAAE,CAAC,CAAC;QACrB,IAAI,CAAC,GAAG,CAAC,GAAG,CAAC,qBAAU,CAAC,IAAI,EAAE,CAAC,CAAC;QAChC,IAAI,CAAC,GAAG,CAAC,GAAG,CAAC,qBAAU,CAAC,UAAU,CAAC,EAAC,QAAQ,EAAE,KAAK,EAAC,CAAC,CAAC,CAAC;QACvD,IAAI,CAAC,GAAG,CAAC,GAAG,CAAC,yBAAc,CAAC,SAAS,CAAC,CAAC,CAAC;QACxC,IAAI,CAAC,GAAG,CAAC,GAAG,CAAC,yBAAO,CAAC;YACnB,MAAM,EAAE,IAAI;YACZ,iBAAiB,EAAE,IAAI;YACvB,MAAM,EAAE,qDAAqD;SAC9D,CAAC,CAAC,CAAC;QAEJ,IAAI,CAAC,GAAG,CAAC,GAAG,CAAC,uBAAK,EAAE,CAAC,CAAC;QACtB,IAAI,CAAC,GAAG,CAAC,GAAG,CAAC,UAAS,GAAG,EAAE,GAAG,EAAE,IAAI;YAClC,GAAG,CAAC,MAAM,CAAC,aAAa,GAAG,GAAG,CAAC,KAAK,EAAE,CAAC;YACvC,IAAI,EAAE,CAAC;QACT,CAAC,CAAC,CAAC;QACH,IAAI,OAAO,CAAC,GAAG,CAAC,QAAQ,KAAK,MAAM,EAAE;YACnC,IAAI,CAAC,GAAG,CAAC,GAAG,CAAC,gBAAM,CAAC,6HAA6H,CAAC,CAAC,CAAC;SACrJ;IACH,CAAC;IA4DD,eAAe;QACb,IAAI,CAAC,UAAU,GAAG,IAAI,IAAI,CAAC,MAAM,EAAE,CAAC;QACpC,sBAAiB,CAAC,IAAI,CAAC,UAAU,CAAC,CAAC;QACnC,IAAI,CAAC,UAAU,CAAC,IAAI,CAAC,WAAW,QAAQ,CAAC,QAAQ,EAAE,EAAE,IAAI,CAAC,iBAAiB,CAAC,cAAc,EAAE,CAAC,CAAC;QAC9F,IAAI,CAAC,UAAU,CAAC,KAAK,EAAE,CAAC;IAC1B,CAAC;IAED,WAAW;QACT,OAAO,IAAI,OAAO,CAAC,CAAC,OAAO,EAAE,MAAM,EAAE,EAAE;YACrC,IAAI,CAAC,MAAM,GAAG,IAAI,CAAC,GAAG,CAAC,MAAM,CAAC,QAAQ,CAAC,IAAI,EAAE,GAAG,EAAE;gBAChD,OAAO,CAAC,IAAI,CAAC,CAAC;YAChB,CAAC,CAAC,CAAC;QACL,CAAC,CAAC,CAAC;IACL,CAAC;CACF;AAnGD,kCAmGC","sourcesContent":["import express, {\n  Response as ExResponse,\n  Request as ExRequest,\n  NextFunction,\n} from \"express\";\nimport bodyParser from \"body-parser\";\nimport methodOverride from \"method-override\";\nimport compileSass from \"express-compile-sass\";\nimport path from \"path\";\nimport session from \"express-session\";\nimport morgan from \"morgan\";\nimport flash from \"express-flash\";\nimport {createConnection, ConnectionOptions} from \"typeorm\";\nimport ApplicationError from \"./ApplicationError\";\nimport cors from \"cors\";\nimport { RegisterRoutes } from './routes/routes';\nimport swaggerUi from \"swagger-ui-express\";\nimport BullManager from \"./util/BullManager\";\nimport * as grpc from \"grpc\";\nimport * as protoLoader from \"@grpc/proto-loader\";\nimport setupApplications from \"./grpc/applications\";\nimport swagger from './routes/swagger.json';\nimport ormConfig from \"./config/ormConfig\";\nimport { ValidateError } from \"tsoa\";\nimport { TokenExpiredError, JsonWebTokenError } from \"jsonwebtoken\";\nimport RedisManager from \"./util/RedisManager\";\n\nconst property = require(\"../property.json\")\n\nexport class Application {\n  app: express.Application;\n  server;\n  grpcServer;\n  auth;\n  constructor() {\n    this.app = express();\n    this.app.use(cors());\n    this.app.use(bodyParser.json());\n    this.app.use(bodyParser.urlencoded({extended: false}));\n    this.app.use(methodOverride('_method'));\n    this.app.use(session({\n      resave: true,\n      saveUninitialized: true,\n      secret: 'long-long-long-secret-string-1313513tefgwdsvbjkvasd'\n    }));\n\n    this.app.use(flash());\n    this.app.use(function(req, res, next) {\n      res.locals.flashMessages = req.flash();\n      next();\n    });\n    if (process.env.NODE_ENV !== 'test') {\n      this.app.use(morgan(\":remote-addr - :remote-user [:date[clf]] \\\":method :url HTTP/:http-version\\\" :status :res[content-length] :response-time ms\"));\n    }\n  }\n\n  setupDbAndServer = async () => {\n    const conn = await createConnection(ormConfig.defaultConnection)\n    const datasetConn = await createConnection(ormConfig.datasetConnection)\n\n    const redisClient = await RedisManager.Instance.connect();\n\n    RegisterRoutes(<express.Express>this.app);\n    BullManager.setupBull(this.app);\n\n    this.app.use(\"/api-docs\", swaggerUi.serve, async (_req: express.Request, res: express.Response) => {\n      return res.send(\n        swaggerUi.generateHTML(swagger)\n      );\n    });\n\n    this.app.use(function(req, res, next) {\n      let err = new ApplicationError(404, 'Not Found');\n      next(err);\n    });\n\n    this.app.use(function errorHandler(\n      err: unknown,\n      req: ExRequest,\n      res: ExResponse,\n      next: NextFunction\n    ): ExResponse | void {\n      if (err instanceof ValidateError) {\n        return res.status(422).json({\n          message: \"Validation Failed\",\n          details: err?.fields,\n        });\n      }\n\n      if (err instanceof JsonWebTokenError) {\n        return res.status(401).json({\n          message: \"Token expired\"\n        })\n      }\n\n      if (err instanceof Error) {\n        if(err.name === \"ApplicationError\") {\n          const applicationError = <ApplicationError> err;\n          return res.status(applicationError.statusCode).json({\n            code: applicationError.message\n          });\n        }\n        return res.status(500).json({\n          message: \"Internal Server Error\",\n        });\n      }\n\n      next();\n    });\n\n    await this.startServer();\n    this.setupGrpcServer();\n  }\n\n  setupGrpcServer() {\n    this.grpcServer = new grpc.Server();\n    setupApplications(this.grpcServer);\n    this.grpcServer.bind(`0.0.0.0:${property.grpcPort}`, grpc.ServerCredentials.createInsecure());\n    this.grpcServer.start();\n  }\n\n  startServer(): Promise<boolean> {\n    return new Promise((resolve, reject) => {\n      this.server = this.app.listen(property.port, () => {\n        resolve(true);\n      });\n    });\n  }\n}"]},"_coverageSchema":"1a1c01bbd47fc00a2c39e90264f33305004495a9","hash":"d0f6c3ca51161ed7b49507225fe93613a9d58cff","contentHash":"ae1d4b223658051333d9f8d95fbf820b935940eaec1a521c1e1adf70acdf3275"},"/Users/chunghyup/projects/api-gen/api-designer/server/src/ApplicationError.ts":{"path":"/Users/chunghyup/projects/api-gen/api-designer/server/src/ApplicationError.ts","statementMap":{"0":{"start":{"line":2,"column":0},"end":{"line":2,"column":62}},"1":{"start":{"line":5,"column":8},"end":{"line":5,"column":23}},"2":{"start":{"line":6,"column":8},"end":{"line":6,"column":39}},"3":{"start":{"line":7,"column":8},"end":{"line":7,"column":39}},"4":{"start":{"line":8,"column":8},"end":{"line":8,"column":76}},"5":{"start":{"line":9,"column":8},"end":{"line":9,"column":44}},"6":{"start":{"line":12,"column":0},"end":{"line":12,"column":35}}},"fnMap":{"0":{"name":"(anonymous_0)","decl":{"start":{"line":4,"column":4},"end":{"line":4,"column":5}},"loc":{"start":{"line":4,"column":37},"end":{"line":10,"column":5}},"line":4}},"branchMap":{"0":{"loc":{"start":{"line":8,"column":23},"end":{"line":8,"column":75}},"type":"binary-expr","locations":[{"start":{"line":8,"column":23},"end":{"line":8,"column":30}},{"start":{"line":8,"column":34},"end":{"line":8,"column":75}}],"line":8},"1":{"loc":{"start":{"line":9,"column":26},"end":{"line":9,"column":43}},"type":"binary-expr","locations":[{"start":{"line":9,"column":26},"end":{"line":9,"column":36}},{"start":{"line":9,"column":40},"end":{"line":9,"column":43}}],"line":9}},"s":{"0":1,"1":3,"2":3,"3":3,"4":3,"5":3,"6":1},"f":{"0":3},"b":{"0":[3,0],"1":[3,0]},"inputSourceMap":{"version":3,"file":"/Users/chunghyup/projects/api-gen/api-designer/server/src/ApplicationError.ts","sources":["/Users/chunghyup/projects/api-gen/api-designer/server/src/ApplicationError.ts"],"names":[],"mappings":";;AACA,MAAqB,gBAAiB,SAAQ,KAAK;IAGjD,YAAY,UAAmB,EAAE,OAAgB;QAC/C,KAAK,CAAC,OAAO,CAAC,CAAC;QACf,IAAI,CAAC,KAAK,GAAS,IAAI,KAAK,EAAG,CAAC,KAAK,CAAC;QACtC,IAAI,CAAC,IAAI,GAAG,kBAAkB,CAAC;QAC/B,IAAI,CAAC,OAAO,GAAG,OAAO,IAAI,yCAAyC,CAAC;QACpE,IAAI,CAAC,UAAU,GAAG,UAAU,IAAI,GAAG,CAAC;IACtC,CAAC;CACF;AAVD,mCAUC","sourcesContent":["\nexport default class ApplicationError extends Error {\n  statusCode: number;\n\n  constructor(statusCode?: number, message?: string) {\n    super(message);\n    this.stack = (<any>new Error()).stack;\n    this.name = \"ApplicationError\";\n    this.message = message || 'Something went wrong. Please try again.';\n    this.statusCode = statusCode || 500;\n  }\n}"]},"_coverageSchema":"1a1c01bbd47fc00a2c39e90264f33305004495a9","hash":"7cb3e3528bacd655299b92d8b28652fce57021bb","contentHash":"f1235a544a9d67a3a4bd1fbb0362768099867ade23eae73457fc8d48f3894c09"},"/Users/chunghyup/projects/api-gen/api-designer/server/src/routes/routes.ts":{"path":"/Users/chunghyup/projects/api-gen/api-designer/server/src/routes/routes.ts","statementMap":{"0":{"start":{"line":2,"column":0},"end":{"line":2,"column":62}},"1":{"start":{"line":3,"column":0},"end":{"line":3,"column":32}},"2":{"start":{"line":7,"column":15},"end":{"line":7,"column":30}},"3":{"start":{"line":9,"column":28},"end":{"line":9,"column":77}},"4":{"start":{"line":11,"column":35},"end":{"line":11,"column":91}},"5":{"start":{"line":13,"column":42},"end":{"line":13,"column":105}},"6":{"start":{"line":15,"column":28},"end":{"line":15,"column":77}},"7":{"start":{"line":17,"column":31},"end":{"line":17,"column":83}},"8":{"start":{"line":19,"column":29},"end":{"line":19,"column":79}},"9":{"start":{"line":21,"column":25},"end":{"line":21,"column":71}},"10":{"start":{"line":22,"column":25},"end":{"line":22,"column":67}},"11":{"start":{"line":24,"column":15},"end":{"line":402,"column":1}},"12":{"start":{"line":403,"column":26},"end":{"line":403,"column":62}},"13":{"start":{"line":410,"column":4},"end":{"line":426,"column":7}},"14":{"start":{"line":411,"column":21},"end":{"line":414,"column":9}},"15":{"start":{"line":416,"column":28},"end":{"line":416,"column":30}},"16":{"start":{"line":417,"column":8},"end":{"line":422,"column":9}},"17":{"start":{"line":418,"column":12},"end":{"line":418,"column":70}},"18":{"start":{"line":421,"column":12},"end":{"line":421,"column":29}},"19":{"start":{"line":423,"column":27},"end":{"line":423,"column":70}},"20":{"start":{"line":424,"column":24},"end":{"line":424,"column":76}},"21":{"start":{"line":425,"column":8},"end":{"line":425,"column":60}},"22":{"start":{"line":428,"column":4},"end":{"line":444,"column":7}},"23":{"start":{"line":429,"column":21},"end":{"line":432,"column":9}},"24":{"start":{"line":434,"column":28},"end":{"line":434,"column":30}},"25":{"start":{"line":435,"column":8},"end":{"line":440,"column":9}},"26":{"start":{"line":436,"column":12},"end":{"line":436,"column":70}},"27":{"start":{"line":439,"column":12},"end":{"line":439,"column":29}},"28":{"start":{"line":441,"column":27},"end":{"line":441,"column":70}},"29":{"start":{"line":442,"column":24},"end":{"line":442,"column":76}},"30":{"start":{"line":443,"column":8},"end":{"line":443,"column":60}},"31":{"start":{"line":446,"column":4},"end":{"line":463,"column":7}},"32":{"start":{"line":447,"column":21},"end":{"line":451,"column":9}},"33":{"start":{"line":453,"column":28},"end":{"line":453,"column":30}},"34":{"start":{"line":454,"column":8},"end":{"line":459,"column":9}},"35":{"start":{"line":455,"column":12},"end":{"line":455,"column":70}},"36":{"start":{"line":458,"column":12},"end":{"line":458,"column":29}},"37":{"start":{"line":460,"column":27},"end":{"line":460,"column":84}},"38":{"start":{"line":461,"column":24},"end":{"line":461,"column":71}},"39":{"start":{"line":462,"column":8},"end":{"line":462,"column":60}},"40":{"start":{"line":465,"column":4},"end":{"line":480,"column":7}},"41":{"start":{"line":466,"column":21},"end":{"line":468,"column":9}},"42":{"start":{"line":470,"column":28},"end":{"line":470,"column":30}},"43":{"start":{"line":471,"column":8},"end":{"line":476,"column":9}},"44":{"start":{"line":472,"column":12},"end":{"line":472,"column":70}},"45":{"start":{"line":475,"column":12},"end":{"line":475,"column":29}},"46":{"start":{"line":477,"column":27},"end":{"line":477,"column":84}},"47":{"start":{"line":478,"column":24},"end":{"line":478,"column":75}},"48":{"start":{"line":479,"column":8},"end":{"line":479,"column":60}},"49":{"start":{"line":482,"column":4},"end":{"line":498,"column":7}},"50":{"start":{"line":483,"column":21},"end":{"line":486,"column":9}},"51":{"start":{"line":488,"column":28},"end":{"line":488,"column":30}},"52":{"start":{"line":489,"column":8},"end":{"line":494,"column":9}},"53":{"start":{"line":490,"column":12},"end":{"line":490,"column":70}},"54":{"start":{"line":493,"column":12},"end":{"line":493,"column":29}},"55":{"start":{"line":495,"column":27},"end":{"line":495,"column":84}},"56":{"start":{"line":496,"column":24},"end":{"line":496,"column":77}},"57":{"start":{"line":497,"column":8},"end":{"line":497,"column":60}},"58":{"start":{"line":500,"column":4},"end":{"line":516,"column":7}},"59":{"start":{"line":501,"column":21},"end":{"line":504,"column":9}},"60":{"start":{"line":506,"column":28},"end":{"line":506,"column":30}},"61":{"start":{"line":507,"column":8},"end":{"line":512,"column":9}},"62":{"start":{"line":508,"column":12},"end":{"line":508,"column":70}},"63":{"start":{"line":511,"column":12},"end":{"line":511,"column":29}},"64":{"start":{"line":513,"column":27},"end":{"line":513,"column":84}},"65":{"start":{"line":514,"column":24},"end":{"line":514,"column":71}},"66":{"start":{"line":515,"column":8},"end":{"line":515,"column":60}},"67":{"start":{"line":518,"column":4},"end":{"line":534,"column":7}},"68":{"start":{"line":519,"column":21},"end":{"line":522,"column":9}},"69":{"start":{"line":524,"column":28},"end":{"line":524,"column":30}},"70":{"start":{"line":525,"column":8},"end":{"line":530,"column":9}},"71":{"start":{"line":526,"column":12},"end":{"line":526,"column":70}},"72":{"start":{"line":529,"column":12},"end":{"line":529,"column":29}},"73":{"start":{"line":531,"column":27},"end":{"line":531,"column":84}},"74":{"start":{"line":532,"column":24},"end":{"line":532,"column":74}},"75":{"start":{"line":533,"column":8},"end":{"line":533,"column":60}},"76":{"start":{"line":536,"column":4},"end":{"line":553,"column":7}},"77":{"start":{"line":537,"column":21},"end":{"line":541,"column":9}},"78":{"start":{"line":543,"column":28},"end":{"line":543,"column":30}},"79":{"start":{"line":544,"column":8},"end":{"line":549,"column":9}},"80":{"start":{"line":545,"column":12},"end":{"line":545,"column":70}},"81":{"start":{"line":548,"column":12},"end":{"line":548,"column":29}},"82":{"start":{"line":550,"column":27},"end":{"line":550,"column":84}},"83":{"start":{"line":551,"column":24},"end":{"line":551,"column":77}},"84":{"start":{"line":552,"column":8},"end":{"line":552,"column":60}},"85":{"start":{"line":555,"column":4},"end":{"line":571,"column":7}},"86":{"start":{"line":556,"column":21},"end":{"line":559,"column":9}},"87":{"start":{"line":561,"column":28},"end":{"line":561,"column":30}},"88":{"start":{"line":562,"column":8},"end":{"line":567,"column":9}},"89":{"start":{"line":563,"column":12},"end":{"line":563,"column":70}},"90":{"start":{"line":566,"column":12},"end":{"line":566,"column":29}},"91":{"start":{"line":568,"column":27},"end":{"line":568,"column":84}},"92":{"start":{"line":569,"column":24},"end":{"line":569,"column":72}},"93":{"start":{"line":570,"column":8},"end":{"line":570,"column":60}},"94":{"start":{"line":573,"column":4},"end":{"line":589,"column":7}},"95":{"start":{"line":574,"column":21},"end":{"line":577,"column":9}},"96":{"start":{"line":579,"column":28},"end":{"line":579,"column":30}},"97":{"start":{"line":580,"column":8},"end":{"line":585,"column":9}},"98":{"start":{"line":581,"column":12},"end":{"line":581,"column":70}},"99":{"start":{"line":584,"column":12},"end":{"line":584,"column":29}},"100":{"start":{"line":586,"column":27},"end":{"line":586,"column":84}},"101":{"start":{"line":587,"column":24},"end":{"line":587,"column":85}},"102":{"start":{"line":588,"column":8},"end":{"line":588,"column":60}},"103":{"start":{"line":591,"column":4},"end":{"line":608,"column":7}},"104":{"start":{"line":592,"column":21},"end":{"line":596,"column":9}},"105":{"start":{"line":598,"column":28},"end":{"line":598,"column":30}},"106":{"start":{"line":599,"column":8},"end":{"line":604,"column":9}},"107":{"start":{"line":600,"column":12},"end":{"line":600,"column":70}},"108":{"start":{"line":603,"column":12},"end":{"line":603,"column":29}},"109":{"start":{"line":605,"column":27},"end":{"line":605,"column":84}},"110":{"start":{"line":606,"column":24},"end":{"line":606,"column":86}},"111":{"start":{"line":607,"column":8},"end":{"line":607,"column":60}},"112":{"start":{"line":610,"column":4},"end":{"line":627,"column":7}},"113":{"start":{"line":611,"column":21},"end":{"line":615,"column":9}},"114":{"start":{"line":617,"column":28},"end":{"line":617,"column":30}},"115":{"start":{"line":618,"column":8},"end":{"line":623,"column":9}},"116":{"start":{"line":619,"column":12},"end":{"line":619,"column":70}},"117":{"start":{"line":622,"column":12},"end":{"line":622,"column":29}},"118":{"start":{"line":624,"column":27},"end":{"line":624,"column":98}},"119":{"start":{"line":625,"column":24},"end":{"line":625,"column":71}},"120":{"start":{"line":626,"column":8},"end":{"line":626,"column":60}},"121":{"start":{"line":629,"column":4},"end":{"line":645,"column":7}},"122":{"start":{"line":630,"column":21},"end":{"line":633,"column":9}},"123":{"start":{"line":635,"column":28},"end":{"line":635,"column":30}},"124":{"start":{"line":636,"column":8},"end":{"line":641,"column":9}},"125":{"start":{"line":637,"column":12},"end":{"line":637,"column":70}},"126":{"start":{"line":640,"column":12},"end":{"line":640,"column":29}},"127":{"start":{"line":642,"column":27},"end":{"line":642,"column":98}},"128":{"start":{"line":643,"column":24},"end":{"line":643,"column":89}},"129":{"start":{"line":644,"column":8},"end":{"line":644,"column":60}},"130":{"start":{"line":647,"column":4},"end":{"line":663,"column":7}},"131":{"start":{"line":648,"column":21},"end":{"line":651,"column":9}},"132":{"start":{"line":653,"column":28},"end":{"line":653,"column":30}},"133":{"start":{"line":654,"column":8},"end":{"line":659,"column":9}},"134":{"start":{"line":655,"column":12},"end":{"line":655,"column":70}},"135":{"start":{"line":658,"column":12},"end":{"line":658,"column":29}},"136":{"start":{"line":660,"column":27},"end":{"line":660,"column":98}},"137":{"start":{"line":661,"column":24},"end":{"line":661,"column":81}},"138":{"start":{"line":662,"column":8},"end":{"line":662,"column":60}},"139":{"start":{"line":665,"column":4},"end":{"line":682,"column":7}},"140":{"start":{"line":666,"column":21},"end":{"line":670,"column":9}},"141":{"start":{"line":672,"column":28},"end":{"line":672,"column":30}},"142":{"start":{"line":673,"column":8},"end":{"line":678,"column":9}},"143":{"start":{"line":674,"column":12},"end":{"line":674,"column":70}},"144":{"start":{"line":677,"column":12},"end":{"line":677,"column":29}},"145":{"start":{"line":679,"column":27},"end":{"line":679,"column":98}},"146":{"start":{"line":680,"column":24},"end":{"line":680,"column":76}},"147":{"start":{"line":681,"column":8},"end":{"line":681,"column":60}},"148":{"start":{"line":684,"column":4},"end":{"line":700,"column":7}},"149":{"start":{"line":685,"column":21},"end":{"line":688,"column":9}},"150":{"start":{"line":690,"column":28},"end":{"line":690,"column":30}},"151":{"start":{"line":691,"column":8},"end":{"line":696,"column":9}},"152":{"start":{"line":692,"column":12},"end":{"line":692,"column":70}},"153":{"start":{"line":695,"column":12},"end":{"line":695,"column":29}},"154":{"start":{"line":697,"column":27},"end":{"line":697,"column":98}},"155":{"start":{"line":698,"column":24},"end":{"line":698,"column":72}},"156":{"start":{"line":699,"column":8},"end":{"line":699,"column":60}},"157":{"start":{"line":702,"column":4},"end":{"line":717,"column":7}},"158":{"start":{"line":703,"column":21},"end":{"line":705,"column":9}},"159":{"start":{"line":707,"column":28},"end":{"line":707,"column":30}},"160":{"start":{"line":708,"column":8},"end":{"line":713,"column":9}},"161":{"start":{"line":709,"column":12},"end":{"line":709,"column":70}},"162":{"start":{"line":712,"column":12},"end":{"line":712,"column":29}},"163":{"start":{"line":714,"column":27},"end":{"line":714,"column":98}},"164":{"start":{"line":715,"column":24},"end":{"line":715,"column":74}},"165":{"start":{"line":716,"column":8},"end":{"line":716,"column":60}},"166":{"start":{"line":719,"column":4},"end":{"line":734,"column":7}},"167":{"start":{"line":720,"column":21},"end":{"line":722,"column":9}},"168":{"start":{"line":724,"column":28},"end":{"line":724,"column":30}},"169":{"start":{"line":725,"column":8},"end":{"line":730,"column":9}},"170":{"start":{"line":726,"column":12},"end":{"line":726,"column":70}},"171":{"start":{"line":729,"column":12},"end":{"line":729,"column":29}},"172":{"start":{"line":731,"column":27},"end":{"line":731,"column":70}},"173":{"start":{"line":732,"column":24},"end":{"line":732,"column":76}},"174":{"start":{"line":733,"column":8},"end":{"line":733,"column":60}},"175":{"start":{"line":736,"column":4},"end":{"line":752,"column":7}},"176":{"start":{"line":737,"column":21},"end":{"line":740,"column":9}},"177":{"start":{"line":742,"column":28},"end":{"line":742,"column":30}},"178":{"start":{"line":743,"column":8},"end":{"line":748,"column":9}},"179":{"start":{"line":744,"column":12},"end":{"line":744,"column":70}},"180":{"start":{"line":747,"column":12},"end":{"line":747,"column":29}},"181":{"start":{"line":749,"column":27},"end":{"line":749,"column":76}},"182":{"start":{"line":750,"column":24},"end":{"line":750,"column":72}},"183":{"start":{"line":751,"column":8},"end":{"line":751,"column":60}},"184":{"start":{"line":754,"column":4},"end":{"line":771,"column":7}},"185":{"start":{"line":755,"column":21},"end":{"line":759,"column":9}},"186":{"start":{"line":761,"column":28},"end":{"line":761,"column":30}},"187":{"start":{"line":762,"column":8},"end":{"line":767,"column":9}},"188":{"start":{"line":763,"column":12},"end":{"line":763,"column":70}},"189":{"start":{"line":766,"column":12},"end":{"line":766,"column":29}},"190":{"start":{"line":768,"column":27},"end":{"line":768,"column":76}},"191":{"start":{"line":769,"column":24},"end":{"line":769,"column":71}},"192":{"start":{"line":770,"column":8},"end":{"line":770,"column":60}},"193":{"start":{"line":773,"column":4},"end":{"line":789,"column":7}},"194":{"start":{"line":774,"column":21},"end":{"line":777,"column":9}},"195":{"start":{"line":779,"column":28},"end":{"line":779,"column":30}},"196":{"start":{"line":780,"column":8},"end":{"line":785,"column":9}},"197":{"start":{"line":781,"column":12},"end":{"line":781,"column":70}},"198":{"start":{"line":784,"column":12},"end":{"line":784,"column":29}},"199":{"start":{"line":786,"column":27},"end":{"line":786,"column":76}},"200":{"start":{"line":787,"column":24},"end":{"line":787,"column":74}},"201":{"start":{"line":788,"column":8},"end":{"line":788,"column":60}},"202":{"start":{"line":791,"column":4},"end":{"line":807,"column":7}},"203":{"start":{"line":792,"column":21},"end":{"line":795,"column":9}},"204":{"start":{"line":797,"column":28},"end":{"line":797,"column":30}},"205":{"start":{"line":798,"column":8},"end":{"line":803,"column":9}},"206":{"start":{"line":799,"column":12},"end":{"line":799,"column":70}},"207":{"start":{"line":802,"column":12},"end":{"line":802,"column":29}},"208":{"start":{"line":804,"column":27},"end":{"line":804,"column":72}},"209":{"start":{"line":805,"column":24},"end":{"line":805,"column":74}},"210":{"start":{"line":806,"column":8},"end":{"line":806,"column":60}},"211":{"start":{"line":809,"column":4},"end":{"line":825,"column":7}},"212":{"start":{"line":810,"column":21},"end":{"line":813,"column":9}},"213":{"start":{"line":815,"column":28},"end":{"line":815,"column":30}},"214":{"start":{"line":816,"column":8},"end":{"line":821,"column":9}},"215":{"start":{"line":817,"column":12},"end":{"line":817,"column":70}},"216":{"start":{"line":820,"column":12},"end":{"line":820,"column":29}},"217":{"start":{"line":822,"column":27},"end":{"line":822,"column":72}},"218":{"start":{"line":823,"column":24},"end":{"line":823,"column":76}},"219":{"start":{"line":824,"column":8},"end":{"line":824,"column":60}},"220":{"start":{"line":827,"column":4},"end":{"line":843,"column":7}},"221":{"start":{"line":828,"column":21},"end":{"line":831,"column":9}},"222":{"start":{"line":833,"column":28},"end":{"line":833,"column":30}},"223":{"start":{"line":834,"column":8},"end":{"line":839,"column":9}},"224":{"start":{"line":835,"column":12},"end":{"line":835,"column":70}},"225":{"start":{"line":838,"column":12},"end":{"line":838,"column":29}},"226":{"start":{"line":840,"column":27},"end":{"line":840,"column":72}},"227":{"start":{"line":841,"column":24},"end":{"line":841,"column":74}},"228":{"start":{"line":842,"column":8},"end":{"line":842,"column":60}},"229":{"start":{"line":845,"column":4},"end":{"line":860,"column":7}},"230":{"start":{"line":846,"column":21},"end":{"line":848,"column":9}},"231":{"start":{"line":850,"column":28},"end":{"line":850,"column":30}},"232":{"start":{"line":851,"column":8},"end":{"line":856,"column":9}},"233":{"start":{"line":852,"column":12},"end":{"line":852,"column":70}},"234":{"start":{"line":855,"column":12},"end":{"line":855,"column":29}},"235":{"start":{"line":857,"column":27},"end":{"line":857,"column":64}},"236":{"start":{"line":858,"column":24},"end":{"line":858,"column":73}},"237":{"start":{"line":859,"column":8},"end":{"line":859,"column":60}},"238":{"start":{"line":862,"column":4},"end":{"line":877,"column":7}},"239":{"start":{"line":863,"column":21},"end":{"line":865,"column":9}},"240":{"start":{"line":867,"column":28},"end":{"line":867,"column":30}},"241":{"start":{"line":868,"column":8},"end":{"line":873,"column":9}},"242":{"start":{"line":869,"column":12},"end":{"line":869,"column":70}},"243":{"start":{"line":872,"column":12},"end":{"line":872,"column":29}},"244":{"start":{"line":874,"column":27},"end":{"line":874,"column":64}},"245":{"start":{"line":875,"column":24},"end":{"line":875,"column":75}},"246":{"start":{"line":876,"column":8},"end":{"line":876,"column":60}},"247":{"start":{"line":879,"column":4},"end":{"line":894,"column":7}},"248":{"start":{"line":880,"column":21},"end":{"line":882,"column":9}},"249":{"start":{"line":884,"column":28},"end":{"line":884,"column":30}},"250":{"start":{"line":885,"column":8},"end":{"line":890,"column":9}},"251":{"start":{"line":886,"column":12},"end":{"line":886,"column":70}},"252":{"start":{"line":889,"column":12},"end":{"line":889,"column":29}},"253":{"start":{"line":891,"column":27},"end":{"line":891,"column":64}},"254":{"start":{"line":892,"column":24},"end":{"line":892,"column":74}},"255":{"start":{"line":893,"column":8},"end":{"line":893,"column":60}},"256":{"start":{"line":896,"column":4},"end":{"line":911,"column":7}},"257":{"start":{"line":897,"column":21},"end":{"line":899,"column":9}},"258":{"start":{"line":901,"column":28},"end":{"line":901,"column":30}},"259":{"start":{"line":902,"column":8},"end":{"line":907,"column":9}},"260":{"start":{"line":903,"column":12},"end":{"line":903,"column":70}},"261":{"start":{"line":906,"column":12},"end":{"line":906,"column":29}},"262":{"start":{"line":908,"column":27},"end":{"line":908,"column":64}},"263":{"start":{"line":909,"column":24},"end":{"line":909,"column":70}},"264":{"start":{"line":910,"column":8},"end":{"line":910,"column":60}},"265":{"start":{"line":915,"column":8},"end":{"line":953,"column":10}},"266":{"start":{"line":916,"column":28},"end":{"line":916,"column":29}},"267":{"start":{"line":917,"column":26},"end":{"line":917,"column":31}},"268":{"start":{"line":918,"column":28},"end":{"line":925,"column":13}},"269":{"start":{"line":919,"column":16},"end":{"line":924,"column":17}},"270":{"start":{"line":920,"column":20},"end":{"line":920,"column":35}},"271":{"start":{"line":921,"column":20},"end":{"line":921,"column":32}},"272":{"start":{"line":922,"column":20},"end":{"line":922,"column":43}},"273":{"start":{"line":923,"column":20},"end":{"line":923,"column":27}},"274":{"start":{"line":927,"column":25},"end":{"line":933,"column":13}},"275":{"start":{"line":928,"column":16},"end":{"line":928,"column":28}},"276":{"start":{"line":929,"column":16},"end":{"line":932,"column":17}},"277":{"start":{"line":930,"column":20},"end":{"line":930,"column":55}},"278":{"start":{"line":931,"column":20},"end":{"line":931,"column":32}},"279":{"start":{"line":935,"column":12},"end":{"line":952,"column":13}},"280":{"start":{"line":936,"column":16},"end":{"line":951,"column":17}},"281":{"start":{"line":937,"column":35},"end":{"line":937,"column":37}},"282":{"start":{"line":938,"column":20},"end":{"line":940,"column":21}},"283":{"start":{"line":939,"column":24},"end":{"line":939,"column":110}},"284":{"start":{"line":941,"column":20},"end":{"line":943,"column":37}},"285":{"start":{"line":942,"column":43},"end":{"line":942,"column":61}},"286":{"start":{"line":946,"column":20},"end":{"line":950,"column":21}},"287":{"start":{"line":947,"column":24},"end":{"line":949,"column":41}},"288":{"start":{"line":957,"column":8},"end":{"line":957,"column":88}},"289":{"start":{"line":960,"column":8},"end":{"line":971,"column":43}},"290":{"start":{"line":964,"column":12},"end":{"line":967,"column":13}},"291":{"start":{"line":965,"column":16},"end":{"line":965,"column":53}},"292":{"start":{"line":966,"column":16},"end":{"line":966,"column":55}},"293":{"start":{"line":969,"column":12},"end":{"line":969,"column":63}},"294":{"start":{"line":971,"column":30},"end":{"line":971,"column":41}},"295":{"start":{"line":975,"column":8},"end":{"line":977,"column":11}},"296":{"start":{"line":976,"column":12},"end":{"line":976,"column":46}},"297":{"start":{"line":978,"column":8},"end":{"line":986,"column":9}},"298":{"start":{"line":979,"column":12},"end":{"line":979,"column":32}},"299":{"start":{"line":981,"column":13},"end":{"line":986,"column":9}},"300":{"start":{"line":982,"column":12},"end":{"line":982,"column":58}},"301":{"start":{"line":985,"column":12},"end":{"line":985,"column":53}},"302":{"start":{"line":990,"column":8},"end":{"line":992,"column":10}},"303":{"start":{"line":991,"column":12},"end":{"line":991,"column":59}},"304":{"start":{"line":997,"column":28},"end":{"line":997,"column":30}},"305":{"start":{"line":998,"column":23},"end":{"line":1016,"column":10}},"306":{"start":{"line":999,"column":25},"end":{"line":999,"column":39}},"307":{"start":{"line":1000,"column":12},"end":{"line":1015,"column":13}},"308":{"start":{"line":1002,"column":20},"end":{"line":1002,"column":35}},"309":{"start":{"line":1004,"column":20},"end":{"line":1004,"column":185}},"310":{"start":{"line":1006,"column":20},"end":{"line":1006,"column":186}},"311":{"start":{"line":1008,"column":20},"end":{"line":1008,"column":186}},"312":{"start":{"line":1010,"column":20},"end":{"line":1010,"column":178}},"313":{"start":{"line":1012,"column":20},"end":{"line":1012,"column":182}},"314":{"start":{"line":1014,"column":20},"end":{"line":1014,"column":47}},"315":{"start":{"line":1017,"column":8},"end":{"line":1019,"column":9}},"316":{"start":{"line":1018,"column":12},"end":{"line":1018,"column":60}},"317":{"start":{"line":1020,"column":8},"end":{"line":1020,"column":22}},"318":{"start":{"line":1024,"column":0},"end":{"line":1024,"column":40}}},"fnMap":{"0":{"name":"RegisterRoutes","decl":{"start":{"line":405,"column":9},"end":{"line":405,"column":23}},"loc":{"start":{"line":405,"column":29},"end":{"line":1023,"column":1}},"line":405},"1":{"name":"(anonymous_1)","decl":{"start":{"line":410,"column":73},"end":{"line":410,"column":74}},"loc":{"start":{"line":410,"column":108},"end":{"line":426,"column":5}},"line":410},"2":{"name":"(anonymous_2)","decl":{"start":{"line":428,"column":73},"end":{"line":428,"column":74}},"loc":{"start":{"line":428,"column":108},"end":{"line":444,"column":5}},"line":428},"3":{"name":"(anonymous_3)","decl":{"start":{"line":446,"column":74},"end":{"line":446,"column":75}},"loc":{"start":{"line":446,"column":109},"end":{"line":463,"column":5}},"line":446},"4":{"name":"(anonymous_4)","decl":{"start":{"line":465,"column":57},"end":{"line":465,"column":58}},"loc":{"start":{"line":465,"column":92},"end":{"line":480,"column":5}},"line":465},"5":{"name":"(anonymous_5)","decl":{"start":{"line":482,"column":89},"end":{"line":482,"column":90}},"loc":{"start":{"line":482,"column":124},"end":{"line":498,"column":5}},"line":482},"6":{"name":"(anonymous_6)","decl":{"start":{"line":500,"column":75},"end":{"line":500,"column":76}},"loc":{"start":{"line":500,"column":110},"end":{"line":516,"column":5}},"line":500},"7":{"name":"(anonymous_7)","decl":{"start":{"line":518,"column":81},"end":{"line":518,"column":82}},"loc":{"start":{"line":518,"column":116},"end":{"line":534,"column":5}},"line":518},"8":{"name":"(anonymous_8)","decl":{"start":{"line":536,"column":86},"end":{"line":536,"column":87}},"loc":{"start":{"line":536,"column":121},"end":{"line":553,"column":5}},"line":536},"9":{"name":"(anonymous_9)","decl":{"start":{"line":555,"column":84},"end":{"line":555,"column":85}},"loc":{"start":{"line":555,"column":119},"end":{"line":571,"column":5}},"line":555},"10":{"name":"(anonymous_10)","decl":{"start":{"line":573,"column":94},"end":{"line":573,"column":95}},"loc":{"start":{"line":573,"column":129},"end":{"line":589,"column":5}},"line":573},"11":{"name":"(anonymous_11)","decl":{"start":{"line":591,"column":95},"end":{"line":591,"column":96}},"loc":{"start":{"line":591,"column":130},"end":{"line":608,"column":5}},"line":591},"12":{"name":"(anonymous_12)","decl":{"start":{"line":610,"column":82},"end":{"line":610,"column":83}},"loc":{"start":{"line":610,"column":117},"end":{"line":627,"column":5}},"line":610},"13":{"name":"(anonymous_13)","decl":{"start":{"line":629,"column":96},"end":{"line":629,"column":97}},"loc":{"start":{"line":629,"column":131},"end":{"line":645,"column":5}},"line":629},"14":{"name":"(anonymous_14)","decl":{"start":{"line":647,"column":103},"end":{"line":647,"column":104}},"loc":{"start":{"line":647,"column":138},"end":{"line":663,"column":5}},"line":647},"15":{"name":"(anonymous_15)","decl":{"start":{"line":665,"column":114},"end":{"line":665,"column":115}},"loc":{"start":{"line":665,"column":149},"end":{"line":682,"column":5}},"line":665},"16":{"name":"(anonymous_16)","decl":{"start":{"line":684,"column":83},"end":{"line":684,"column":84}},"loc":{"start":{"line":684,"column":118},"end":{"line":700,"column":5}},"line":684},"17":{"name":"(anonymous_17)","decl":{"start":{"line":702,"column":99},"end":{"line":702,"column":100}},"loc":{"start":{"line":702,"column":134},"end":{"line":717,"column":5}},"line":702},"18":{"name":"(anonymous_18)","decl":{"start":{"line":719,"column":68},"end":{"line":719,"column":69}},"loc":{"start":{"line":719,"column":103},"end":{"line":734,"column":5}},"line":719},"19":{"name":"(anonymous_19)","decl":{"start":{"line":736,"column":71},"end":{"line":736,"column":72}},"loc":{"start":{"line":736,"column":106},"end":{"line":752,"column":5}},"line":736},"20":{"name":"(anonymous_20)","decl":{"start":{"line":754,"column":81},"end":{"line":754,"column":82}},"loc":{"start":{"line":754,"column":116},"end":{"line":771,"column":5}},"line":754},"21":{"name":"(anonymous_21)","decl":{"start":{"line":773,"column":84},"end":{"line":773,"column":85}},"loc":{"start":{"line":773,"column":119},"end":{"line":789,"column":5}},"line":773},"22":{"name":"(anonymous_22)","decl":{"start":{"line":791,"column":80},"end":{"line":791,"column":81}},"loc":{"start":{"line":791,"column":115},"end":{"line":807,"column":5}},"line":791},"23":{"name":"(anonymous_23)","decl":{"start":{"line":809,"column":82},"end":{"line":809,"column":83}},"loc":{"start":{"line":809,"column":117},"end":{"line":825,"column":5}},"line":809},"24":{"name":"(anonymous_24)","decl":{"start":{"line":827,"column":75},"end":{"line":827,"column":76}},"loc":{"start":{"line":827,"column":110},"end":{"line":843,"column":5}},"line":827},"25":{"name":"(anonymous_25)","decl":{"start":{"line":845,"column":33},"end":{"line":845,"column":34}},"loc":{"start":{"line":845,"column":68},"end":{"line":860,"column":5}},"line":845},"26":{"name":"(anonymous_26)","decl":{"start":{"line":862,"column":33},"end":{"line":862,"column":34}},"loc":{"start":{"line":862,"column":68},"end":{"line":877,"column":5}},"line":862},"27":{"name":"(anonymous_27)","decl":{"start":{"line":879,"column":34},"end":{"line":879,"column":35}},"loc":{"start":{"line":879,"column":69},"end":{"line":894,"column":5}},"line":879},"28":{"name":"(anonymous_28)","decl":{"start":{"line":896,"column":70},"end":{"line":896,"column":71}},"loc":{"start":{"line":896,"column":105},"end":{"line":911,"column":5}},"line":896},"29":{"name":"authenticateMiddleware","decl":{"start":{"line":914,"column":13},"end":{"line":914,"column":35}},"loc":{"start":{"line":914,"column":51},"end":{"line":954,"column":5}},"line":914},"30":{"name":"(anonymous_30)","decl":{"start":{"line":915,"column":15},"end":{"line":915,"column":16}},"loc":{"start":{"line":915,"column":45},"end":{"line":953,"column":9}},"line":915},"31":{"name":"(anonymous_31)","decl":{"start":{"line":918,"column":28},"end":{"line":918,"column":29}},"loc":{"start":{"line":918,"column":44},"end":{"line":925,"column":13}},"line":918},"32":{"name":"(anonymous_32)","decl":{"start":{"line":927,"column":25},"end
[...]
:"(anonymous_22)","decl":{"start":{"line":77,"column":25},"end":{"line":77,"column":26}},"loc":{"start":{"line":77,"column":31},"end":{"line":88,"column":6}},"line":77},"23":{"name":"(anonymous_23)","decl":{"start":{"line":77,"column":65},"end":{"line":77,"column":66}},"loc":{"start":{"line":77,"column":78},"end":{"line":88,"column":5}},"line":77}},"branchMap":{"0":{"loc":{"start":{"line":2,"column":22},"end":{"line":8,"column":3}},"type":"binary-expr","locations":[{"start":{"line":2,"column":23},"end":{"line":2,"column":27}},{"start":{"line":2,"column":31},"end":{"line":2,"column":51}},{"start":{"line":2,"column":57},"end":{"line":8,"column":2}}],"line":2},"1":{"loc":{"start":{"line":2,"column":57},"end":{"line":8,"column":2}},"type":"cond-expr","locations":[{"start":{"line":2,"column":74},"end":{"line":5,"column":1}},{"start":{"line":5,"column":6},"end":{"line":8,"column":1}}],"line":2},"2":{"loc":{"start":{"line":3,"column":4},"end":{"line":3,"column":33}},"type":"if","locations":[{"start":{"line":3,"column":4},"end":{"line":3,"column":33}},{"start":{"line":3,"column":4},"end":{"line":3,"column":33}}],"line":3},"3":{"loc":{"start":{"line":6,"column":4},"end":{"line":6,"column":33}},"type":"if","locations":[{"start":{"line":6,"column":4},"end":{"line":6,"column":33}},{"start":{"line":6,"column":4},"end":{"line":6,"column":33}}],"line":6},"4":{"loc":{"start":{"line":9,"column":25},"end":{"line":13,"column":2}},"type":"binary-expr","locations":[{"start":{"line":9,"column":26},"end":{"line":9,"column":30}},{"start":{"line":9,"column":34},"end":{"line":9,"column":57}},{"start":{"line":9,"column":63},"end":{"line":13,"column":1}}],"line":9},"5":{"loc":{"start":{"line":9,"column":63},"end":{"line":13,"column":1}},"type":"cond-expr","locations":[{"start":{"line":9,"column":80},"end":{"line":11,"column":1}},{"start":{"line":11,"column":5},"end":{"line":13,"column":1}}],"line":9},"6":{"loc":{"start":{"line":14,"column":19},"end":{"line":20,"column":1}},"type":"binary-expr","locations":[{"start":{"line":14,"column":20},"end":{"line":14,"column":24}},{"start":{"line":14,"column":28},"end":{"line":14,"column":45}},{"start":{"line":14,"column":50},"end":{"line":20,"column":1}}],"line":14},"7":{"loc":{"start":{"line":15,"column":4},"end":{"line":15,"column":42}},"type":"if","locations":[{"start":{"line":15,"column":4},"end":{"line":15,"column":42}},{"start":{"line":15,"column":4},"end":{"line":15,"column":42}}],"line":15},"8":{"loc":{"start":{"line":15,"column":8},"end":{"line":15,"column":29}},"type":"binary-expr","locations":[{"start":{"line":15,"column":8},"end":{"line":15,"column":11}},{"start":{"line":15,"column":15},"end":{"line":15,"column":29}}],"line":15},"9":{"loc":{"start":{"line":17,"column":4},"end":{"line":17,"column":131}},"type":"if","locations":[{"start":{"line":17,"column":4},"end":{"line":17,"column":131}},{"start":{"line":17,"column":4},"end":{"line":17,"column":131}}],"line":17},"10":{"loc":{"start":{"line":17,"column":40},"end":{"line":17,"column":131}},"type":"if","locations":[{"start":{"line":17,"column":40},"end":{"line":17,"column":131}},{"start":{"line":17,"column":40},"end":{"line":17,"column":131}}],"line":17},"11":{"loc":{"start":{"line":17,"column":44},"end":{"line":17,"column":97}},"type":"binary-expr","locations":[{"start":{"line":17,"column":44},"end":{"line":17,"column":59}},{"start":{"line":17,"column":63},"end":{"line":17,"column":97}}],"line":17},"12":{"loc":{"start":{"line":21,"column":16},"end":{"line":29,"column":1}},"type":"binary-expr","locations":[{"start":{"line":21,"column":17},"end":{"line":21,"column":21}},{"start":{"line":21,"column":25},"end":{"line":21,"column":39}},{"start":{"line":21,"column":44},"end":{"line":29,"column":1}}],"line":21},"13":{"loc":{"start":{"line":22,"column":35},"end":{"line":22,"column":109}},"type":"cond-expr","locations":[{"start":{"line":22,"column":56},"end":{"line":22,"column":61}},{"start":{"line":22,"column":64},"end":{"line":22,"column":109}}],"line":22},"14":{"loc":{"start":{"line":23,"column":16},"end":{"line":23,"column":34}},"type":"binary-expr","locations":[{"start":{"line":23,"column":16},"end":{"line":23,"column":17}},{"start":{"line":23,"column":22},"end":{"line":23,"column":33}}],"line":23},"15":{"loc":{"start":{"line":26,"column":32},"end":{"line":26,"column":115}},"type":"cond-expr","locations":[{"start":{"line":26,"column":46},"end":{"line":26,"column":67}},{"start":{"line":26,"column":70},"end":{"line":26,"column":115}}],"line":26},"16":{"loc":{"start":{"line":27,"column":51},"end":{"line":27,"column":67}},"type":"binary-expr","locations":[{"start":{"line":27,"column":51},"end":{"line":27,"column":61}},{"start":{"line":27,"column":65},"end":{"line":27,"column":67}}],"line":27},"17":{"loc":{"start":{"line":30,"column":22},"end":{"line":32,"column":1}},"type":"binary-expr","locations":[{"start":{"line":30,"column":23},"end":{"line":30,"column":27}},{"start":{"line":30,"column":31},"end":{"line":30,"column":51}},{"start":{"line":30,"column":56},"end":{"line":32,"column":1}}],"line":30},"18":{"loc":{"start":{"line":31,"column":11},"end":{"line":31,"column":61}},"type":"cond-expr","locations":[{"start":{"line":31,"column":37},"end":{"line":31,"column":40}},{"start":{"line":31,"column":43},"end":{"line":31,"column":61}}],"line":31},"19":{"loc":{"start":{"line":31,"column":12},"end":{"line":31,"column":33}},"type":"binary-expr","locations":[{"start":{"line":31,"column":12},"end":{"line":31,"column":15}},{"start":{"line":31,"column":19},"end":{"line":31,"column":33}}],"line":31}},"s":{"0":1,"1":93,"2":93,"3":93,"4":2,"5":0,"6":0,"7":0,"8":1,"9":1,"10":0,"11":1,"12":1,"13":0,"14":1,"15":1,"16":1,"17":93,"18":93,"19":1,"20":1,"21":1,"22":2,"23":0,"24":4,"25":2,"26":2,"27":0,"28":0,"29":0,"30":0,"31":6,"32":4,"33":1,"34":3,"35":1,"36":1,"37":1,"38":1,"39":1,"40":1,"41":1,"42":1,"43":1,"44":1,"45":1,"46":1,"47":1,"48":2,"49":2,"50":1,"51":1,"52":1,"53":1,"54":1,"55":1,"56":1,"57":1,"58":1,"59":1,"60":1,"61":1,"62":1,"63":1,"64":1,"65":1,"66":1,"67":1,"68":1,"69":1,"70":1,"71":4},"f":{"0":93,"1":2,"2":0,"3":1,"4":0,"5":1,"6":4,"7":2,"8":0,"9":4,"10":2,"11":0,"12":6,"13":3,"14":1,"15":1,"16":1,"17":2,"18":1,"19":1,"20":1,"21":1,"22":1,"23":1},"b":{"0":[1,1,1],"1":[1,0],"2":[93,0],"3":[0,0],"4":[1,1,1],"5":[1,0],"6":[1,1,1],"7":[0,1],"8":[1,1],"9":[1,0],"10":[93,0],"11":[93,93],"12":[1,1,1],"13":[2,0],"14":[4,4],"15":[4,2],"16":[4,4],"17":[1,1,1],"18":[3,0],"19":[3,3]},"inputSourceMap":{"version":3,"file":"/Users/chunghyup/projects/api-gen/api-designer/server/test/metaLoader.test.ts","sources":["/Users/chunghyup/projects/api-gen/api-designer/server/test/metaLoader.test.ts"],"names":[],"mappings":";;;;;;;;;;;;;;;;;;;;;;;;;;;;;;;;;AAAA,uCAAwB;AACxB,+BAA8B;AAC9B,uEAA+C;AAE/C,sGAA8E;AAE9E,oGAA4E;AAC5E,iEAAkE;AAElE,IAAI,IAAI,GAAG,OAAO,CAAC,MAAM,CAAC,CAAC;AAE3B,QAAQ,CAAC,gBAAgB,EAAE,GAAG,EAAE;IAC9B,EAAE,CAAC,iBAAiB,EAAE,GAAS,EAAE;QAC/B,MAAM,SAAS,GAAG,CAAC,IAAI,CAAC,OAAO,CAAC,SAAS,EAAE,2BAA2B,CAAC,EAAE,IAAI,CAAC,OAAO,CAAC,SAAS,EAAE,sBAAsB,CAAC,CAAC,CAAA;QACzH,SAAS,CAAC,OAAO,CAAC,QAAQ,CAAC,EAAE;YAC3B,MAAM,MAAM,GAAG,EAAE,CAAC,UAAU,CAAC,QAAQ,CAAC,CAAA;YACtC,aAAM,CAAC,MAAM,CAAC,CAAC,EAAE,CAAC,KAAK,CAAC,IAAI,CAAC,CAAC;QAChC,CAAC,CAAC,CAAA;IACJ,CAAC,CAAA,CAAC,CAAC;IAEH,EAAE,CAAC,qBAAqB,EAAE,GAAS,EAAE;QACnC,MAAM,gBAAgB,GAAG,IAAI,8BAAoB,EAAE,CAAA;QACnD,IAAI,mBAAmB,GAAuB;YAC5C,GAAG,EAAE,MAAM;YACX,QAAQ,EAAE,IAAI,CAAC,OAAO,CAAC,SAAS,EAAE,2BAA2B,CAAC;YAC9D,gBAAgB,EAAE,SAAS;YAC3B,KAAK,EAAE,CAAC;YACR,IAAI,EAAE,CAAC;YACP,KAAK,EAAE,WAAW;SACnB,CAAC;QAGF,MAAM,MAAM,GAAG,MAAM,IAAI,oBAAU,CAAC,gBAAgB,CAAC,CAAC,QAAQ,CAAC,mBAAmB,CAAC,CAAC;QACpF,aAAM,CAAC,MAAM,CAAC,IAAI,CAAC,QAAQ,CAAC,CAAC,EAAE,CAAC,KAAK,CAAC,IAAI,CAAC,OAAO,CAAC,SAAS,EAAE,2BAA2B,CAAC,CAAC,CAAC;QAC5F,aAAM,CAAC,MAAM,CAAC,OAAO,CAAC,MAAM,CAAC,CAAC,EAAE,CAAC,KAAK,CAAC,EAAE,CAAC,CAAC;IAC7C,CAAC,CAAA,CAAC,CAAC;IAEH,EAAE,CAAC,oBAAoB,EAAE,GAAS,EAAE;QAClC,MAAM,gBAAgB,GAAG,IAAI,6BAAmB,EAAE,CAAA;QAClD,IAAI,mBAAmB,GAAuB;YAC5C,GAAG,EAAE,KAAK;YACV,QAAQ,EAAE,IAAI,CAAC,OAAO,CAAC,SAAS,EAAE,sBAAsB,CAAC;YACzD,gBAAgB,EAAE,KAAK;YACvB,KAAK,EAAE,CAAC;YACR,IAAI,EAAE,CAAC;YACP,KAAK,EAAE,KAAK;SACb,CAAC;QAGF,MAAM,MAAM,GAAG,MAAM,IAAI,oBAAU,CAAC,gBAAgB,CAAC,CAAC,QAAQ,CAAC,mBAAmB,CAAC,CAAC;QACpF,aAAM,CAAC,MAAM,CAAC,IAAI,CAAC,QAAQ,CAAC,CAAC,EAAE,CAAC,KAAK,CAAC,IAAI,CAAC,OAAO,CAAC,SAAS,EAAE,sBAAsB,CAAC,CAAC,CAAC;QACvF,aAAM,CAAC,MAAM,CAAC,OAAO,CAAC,MAAM,CAAC,CAAC,EAAE,CAAC,KAAK,CAAC,CAAC,CAAC,CAAC;IAC5C,CAAC,CAAA,CAAC,CAAC;IAEH,EAAE,CAAC,gBAAgB,EAAE,GAAQ,EAAE;QAC7B,MAAM,WAAW,GAAG;YAClB,CAAE,KAAK,EAAE,OAAO,EAAG,YAAY,EAAE,OAAO,CAAE;YAC1C,CAAE,GAAG,EAAE,UAAU,EAAE,YAAY,EAAE,OAAO,CAAC;YACzC,CAAE,SAAS,EAAC,WAAW,EAAE,kBAAkB,EAAE,OAAO,CAAE,CAAC,MAAM;SAC9D,CAAA;QACD,MAAM,KAAK,GAAG,IAAI,6BAAmB,EAAE,CAAC,UAAU,CAAC,WAAW,CAAC,CAAC;QAChE,MAAM,aAAa,GAAG,CAAC,2BAAc,CAAC,OAAO,EAAE,2BAAc,CAAC,OAAO,EAAE,2BAAc,CAAC,IAAI,EAAE,2BAAc,CAAC,MAAM,CAAC,CAAA;QAElH,KAAI,IAAI,CAAC,GAAG,CAAC,EAAE,CAAC,GAAG,KAAK,CAAC,MAAM,EAAE,CAAC,EAAE,EAAE;YACpC,aAAM,CAAC,KAAK,CAAC,CAAC,CAAC,CAAC,CAAC,EAAE,CAAC,KAAK,CAAC,aAAa,CAAC,CAAC,CAAC,CAAC,CAAC;SAC7C;IACH,CAAC,CAAA,CAAC,CAAA;AACJ,CAAC,CAAC,CAAC","sourcesContent":["import * as fs from \"fs\"\nimport { expect } from \"chai\";\nimport MetaLoader from '../src/lib/MetaLoader';\nimport MetaLoadStrategy from '../src/lib/MetaLoadStrategy';\nimport XlsxMetaLoadStrategy from '../src/lib/strategies/XlsxMetaLoadStrategy';\nimport MetaLoaderFileParam from '../src/lib/interfaces/MetaLoaderFileParam';\nimport CsvMetaLoadStrategy from '../src/lib/strategies/CsvMetaLoadStrategy';\nimport { AcceptableType } from \"../src/entity/manager/MetaColumn\";\n\nvar path = require('path');\n\ndescribe('File Meta Load', () => {\n  it('Test file exist', async () => {\n    const filePaths = [path.resolve(__dirname, 'filesForTest/그늘막설치현황.xlsx'), path.resolve(__dirname, 'filesForTest/폐기물.csv')]\n    filePaths.forEach(filePath => {\n      const result = fs.existsSync(filePath)\n      expect(result).to.equal(true);\n    })\n  });\n\n  it('Load meta from xlsx', async () => {\n    const metaLoadStrategy = new XlsxMetaLoadStrategy()\n    let metaLoaderFileParam:MetaLoaderFileParam = {\n      ext: 'xlsx',\n      filePath: path.resolve(__dirname, 'filesForTest/그늘막설치현황.xlsx'),\n      originalFileName: '그늘막설치현황',\n      sheet: 0,\n      skip: 0,\n      title: '그늘막 설치 현황'\n    };\n    \n\n    const result = await new MetaLoader(metaLoadStrategy).loadMeta(metaLoaderFileParam);\n    expect(result.meta.filePath).to.equal(path.resolve(__dirname, 'filesForTest/그늘막설치현황.xlsx'));\n    expect(result.columns.length).to.equal(18);\n  });\n\n  it('Load meta from csv', async () => {\n    const metaLoadStrategy = new CsvMetaLoadStrategy()\n    let metaLoaderFileParam:MetaLoaderFileParam = {\n      ext: 'csv',\n      filePath: path.resolve(__dirname, 'filesForTest/폐기물.csv'),\n      originalFileName: '폐기물',\n      sheet: 0,\n      skip: 0,\n      title: '폐기물'\n    };\n    \n\n    const result = await new MetaLoader(metaLoadStrategy).loadMeta(metaLoaderFileParam);\n    expect(result.meta.filePath).to.equal(path.resolve(__dirname, 'filesForTest/폐기물.csv'));\n    expect(result.columns.length).to.equal(7);\n  });\n\n  it('Csv type check', async() => {\n    const testRecords = [\n      [ '123', 'hello' , '1992-02-13', '0.123' ], //int\n      [ '0', '19920213', '1992-02-13', '0.999'], //varchar\n      [ '9999999','hello.231', '1992-02-13 19:00', '1.999' ] //date\n    ]\n    const types = new CsvMetaLoadStrategy().checkTypes(testRecords);\n    const expectedTypes = [AcceptableType.INTEGER, AcceptableType.VARCHAR, AcceptableType.DATE, AcceptableType.DOUBLE]\n    \n    for(let i = 0; i < types.length; i++) {\n      expect(types[i]).to.equal(expectedTypes[i]);\n    }\n  })\n});\n"]},"_coverageSchema":"1a1c01bbd47fc00a2c39e90264f33305004495a9","hash":"bb22016ce8edf571b7f0fb8d4ba0ed2581cde377","contentHash":"acaff940565be908f59d78ba9b61f220844f8a98792bd2f3c89338ddbb35511f"},"/Users/chunghyup/projects/api-gen/api-designer/server/src/entity/manager/LoaderLog.ts":{"path":"/Users/chunghyup/projects/api-gen/api-designer/server/src/entity/manager/LoaderLog.ts","statementMap":{"0":{"start":{"line":2,"column":17},"end":{"line":7,"column":1}},"1":{"start":{"line":3,"column":12},"end":{"line":3,"column":28}},"2":{"start":{"line":3,"column":34},"end":{"line":3,"column":125}},"3":{"start":{"line":4,"column":4},"end":{"line":5,"column":150}},"4":{"start":{"line":4,"column":79},"end":{"line":4,"column":131}},"5":{"start":{"line":5,"column":9},"end":{"line":5,"column":150}},"6":{"start":{"line":5,"column":22},"end":{"line":5,"column":43}},"7":{"start":{"line":5,"column":58},"end":{"line":5,"column":150}},"8":{"start":{"line":5,"column":81},"end":{"line":5,"column":150}},"9":{"start":{"line":6,"column":4},"end":{"line":6,"column":66}},"10":{"start":{"line":8,"column":17},"end":{"line":10,"column":1}},"11":{"start":{"line":9,"column":4},"end":{"line":9,"column":109}},"12":{"start":{"line":9,"column":79},"end":{"line":9,"column":109}},"13":{"start":{"line":11,"column":0},"end":{"line":11,"column":62}},"14":{"start":{"line":12,"column":0},"end":{"line":12,"column":27}},"15":{"start":{"line":13,"column":18},"end":{"line":13,"column":36}},"16":{"start":{"line":14,"column":16},"end":{"line":14,"column":34}},"17":{"start":{"line":18,"column":16},"end":{"line":19,"column":1}},"18":{"start":{"line":20,"column":0},"end":{"line":23,"column":38}},"19":{"start":{"line":24,"column":0},"end":{"line":28,"column":41}},"20":{"start":{"line":25,"column":32},"end":{"line":25,"column":45}},"21":{"start":{"line":29,"column":0},"end":{"line":32,"column":43}},"22":{"start":{"line":33,"column":0},"end":{"line":36,"column":43}},"23":{"start":{"line":37,"column":0},"end":{"line":40,"column":44}},"24":{"start":{"line":41,"column":0},"end":{"line":44,"column":45}},"25":{"start":{"line":45,"column":0},"end":{"line":48,"column":45}},"26":{"start":{"line":49,"column":0},"end":{"line":51,"column":14}},"27":{"start":{"line":52,"column":0},"end":{"line":52,"column":30}}},"fnMap":{"0":{"name":"(anonymous_0)","decl":{"start":{"line":2,"column":46},"end":{"line":2,"column":47}},"loc":{"start":{"line":2,"column":87},"end":{"line":7,"column":1}},"line":2},"1":{"name":"(anonymous_1)","decl":{"start":{"line":8,"column":46},"end":{"line":8,"column":47}},"loc":{"start":{"line":8,"column":62},"end":{"line":10,"column":1}},"line":8},"2":{"name":"(anonymous_2)","decl":{"start":{"line":25,"column":24},"end":{"line":25,"column":25}},"loc":{"start":{"line":25,"column":32},"end":{"line":25,"column":45}},"line":25}},"branchMap":{"0":{"loc":{"start":{"line":2,"column":17},"end":{"line":7,"column":1}},"type":"binary-expr","locations":[{"start":{"line":2,"column":18},"end":{"line":2,"column":22}},{"start":{"line":2,"column":26},"end":{"line":2,"column":41}},{"start":{"line":2,"column":46},"end":{"line":7,"column":1}}],"line":2},"1":{"loc":{"start":{"line":3,"column":34},"end":{"line":3,"column":125}},"type":"cond-expr","locations":[{"start":{"line":3,"column":42},"end":{"line":3,"column":48}},{"start":{"line":3,"column":51},"end":{"line":3,"column":125}}],"line":3},"2":{"loc":{"start":{"line":3,"column":51},"end":{"line":3,"column":125}},"type":"cond-expr","locations":[{"start":{"line":3,"column":67},"end":{"line":3,"column":118}},{"start":{"line":3,"column":121},"end":{"line":3,"column":125}}],"line":3},"3":{"loc":{"start":{"line":4,"column":4},"end":{"line":5,"column":150}},"type":"if","locations":[{"start":{"line":4,"column":4},"end":{"line":5,"column":150}},{"start":{"line":4,"column":4},"end":{"line":5,"column":150}}],"line":4},"4":{"loc":{"start":{"line":4,"column":8},"end":{"line":4,"column":77}},"type":"binary-expr","locations":[{"start":{"line":4,"column":8},"end":{"line":4,"column":35}},{"start":{"line":4,"column":39},"end":{"line":4,"column":77}}],"line":4},"5":{"loc":{"start":{"line":5,"column":58},"end":{"line":5,"column":150}},"type":"if","locations":[{"start":{"line":5,"column":58},"end":{"line":5,"column":150}},{"start":{"line":5,"column":58},"end":{"line":5,"column":150}}],"line":5},"6":{"loc":{"start":{"line":5,"column":85},"end":{"line":5,"column":149}},"type":"binary-expr","locations":[{"start":{"line":5,"column":86},"end":{"line":5,"column":143}},{"start":{"line":5,"column":148},"end":{"line":5,"column":149}}],"line":5},"7":{"loc":{"start":{"line":5,"column":86},"end":{"line":5,"column":143}},"type":"cond-expr","locations":[{"start":{"line":5,"column":94},"end":{"line":5,"column":98}},{"start":{"line":5,"column":101},"end":{"line":5,"column":143}}],"line":5},"8":{"loc":{"start":{"line":5,"column":101},"end":{"line":5,"column":143}},"type":"cond-expr","locations":[{"start":{"line":5,"column":109},"end":{"line":5,"column":126}},{"start":{"line":5,"column":129},"end":{"line":5,"column":143}}],"line":5},"9":{"loc":{"start":{"line":6,"column":11},"end":{"line":6,"column":62}},"type":"binary-expr","locations":[{"start":{"line":6,"column":11},"end":{"line":6,"column":16}},{"start":{"line":6,"column":20},"end":{"line":6,"column":21}},{"start":{"line":6,"column":25},"end":{"line":6,"column":62}}],"line":6},"10":{"loc":{"start":{"line":8,"column":17},"end":{"line":10,"column":1}},"type":"binary-expr","locations":[{"start":{"line":8,"column":18},"end":{"line":8,"column":22}},{"start":{"line":8,"column":26},"end":{"line":8,"column":41}},{"start":{"line":8,"column":46},"end":{"line":10,"column":1}}],"line":8},"11":{"loc":{"start":{"line":9,"column":4},"end":{"line":9,"column":109}},"type":"if","locations":[{"start":{"line":9,"column":4},"end":{"line":9,"column":109}},{"start":{"line":9,"column":4},"end":{"line":9,"column":109}}],"line":9},"12":{"loc":{"start":{"line":9,"column":8},"end":{"line":9,"column":77}},"type":"binary-expr","locations":[{"start":{"line":9,"column":8},"end":{"line":9,"column":35}},{"start":{"line":9,"column":39},"end":{"line":9,"column":77}}],"line":9}},"s":{"0":1,"1":8,"2":8,"3":8,"4":8,"5":0,"6":0,"7":0,"8":0,"9":8,"10":1,"11":7,"12":7,"13":1,"14":1,"15":1,"16":1,"17":1,"18":1,"19":1,"20":1,"21":1,"22":1,"23":1,"24":1,"25":1,"26":1,"27":1},"f":{"0":8,"1":7,"2":1},"b":{"0":[1,1,1],"1":[1,7],"2":[0,7],"3":[8,0],"4":[8,8],"5":[0,0],"6":[0,0],"7":[0,0],"8":[0,0],"9":[8,7,0],"10":[1,1,1],"11":[7,0],"12":[7,7]},"inputSourceMap":{"version":3,"file":"/Users/chunghyup/projects/api-gen/api-designer/server/src/entity/manager/LoaderLog.ts","sources":["/Users/chunghyup/projects/api-gen/api-designer/server/src/entity/manager/LoaderLog.ts"],"names":[],"mappings":";;;;;;;;;;;;AAAA,qCAAoI;AAEpI,mCAAgC;AAEhC;;GAEG;AAEH,IAAa,SAAS,GAAtB,MAAa,SAAS;CAuBrB,CAAA;AApBC;IADC,gCAAsB,EAAE;;qCACd;AAIX;IAFC,mBAAS,CAAC,IAAI,CAAC,EAAE,CAAC,aAAK,EAAE,EAAC,QAAQ,EAAC,SAAS,EAAC,CAAC;IAC9C,oBAAU,EAAE;8BACN,aAAK;wCAAC;AAGb;IADC,gBAAM,CAAC,EAAC,IAAI,EAAE,MAAM,EAAE,QAAQ,EAAE,IAAI,EAAC,CAAC;;0CACvB;AAGhB;IADC,gBAAM,CAAC,EAAC,QAAQ,EAAE,IAAI,EAAC,CAAC;;0CACT;AAGhB;IADC,gBAAM,CAAC,EAAC,OAAO,EAAE,KAAK,EAAC,CAAC;;2CACP;AAGlB;IADC,0BAAgB,CAAC,EAAE,IAAI,EAAE,WAAW,EAAE,CAAC;8BAC7B,IAAI;4CAAC;AAGhB;IADC,0BAAgB,EAAE;8BACR,IAAI;4CAAC;AAtBL,SAAS;IADrB,gBAAM,EAAE;GACI,SAAS,CAuBrB;AAvBY,8BAAS","sourcesContent":["import {Entity, PrimaryGeneratedColumn, OneToOne, JoinColumn, Column, CreateDateColumn, UpdateDateColumn, ManyToOne} from \"typeorm\";\nimport { Application } from \"./Application\";\nimport { Stage } from \"./Stage\";\n\n/**\n * @tsoaModel\n */\n@Entity()\nexport class LoaderLog {\n\n  @PrimaryGeneratedColumn()\n  id: number;\n\n  @ManyToOne(type => Stage, {onDelete:'CASCADE'})\n  @JoinColumn()\n  stage: Stage;\n\n  @Column({type: \"text\", nullable: true})\n  content: string;\n\n  @Column({nullable: true})\n  message: string;\n\n  @Column({default: false})\n  isFailed: boolean;\n\n  @CreateDateColumn({ type: \"timestamp\" })\n  createdAt: Date;\n\n  @UpdateDateColumn()\n  updatedAt: Date;\n}\n"]},"_coverageSchema":"1a1c01bbd47fc00a2c39e90264f33305004495a9","hash":"fd5dd4ad7758ecb9e81e6cbec9b61beaba18e128","contentHash":"fe283066818013774c1b57aa0e51ba8ddbc866c599b5bb79b4b29afbd866d28b"}}